Watching for file changes with StatReloader
Waiting for apps ready_event.
Apps ready_event triggered. Sending autoreload_started signal.
Watching dir C:\Users\bhs32\Desktop\범수 자료\MillenniumFilecon\locale with glob **/*.mo.
Watching dir C:\Program Files (x86)\Microsoft Visual Studio\Shared\Python36_64\lib\site-packages\django\contrib\admin\locale with glob **/*.mo.
Watching dir C:\Program Files (x86)\Microsoft Visual Studio\Shared\Python36_64\lib\site-packages\django\contrib\auth\locale with glob **/*.mo.
Watching dir C:\Program Files (x86)\Microsoft Visual Studio\Shared\Python36_64\lib\site-packages\django\contrib\contenttypes\locale with glob **/*.mo.
Watching dir C:\Program Files (x86)\Microsoft Visual Studio\Shared\Python36_64\lib\site-packages\django\contrib\sessions\locale with glob **/*.mo.
Watching dir C:\Program Files (x86)\Microsoft Visual Studio\Shared\Python36_64\lib\site-packages\django\contrib\messages\locale with glob **/*.mo.
Watching dir C:\Program Files (x86)\Microsoft Visual Studio\Shared\Python36_64\lib\site-packages\django\contrib\staticfiles\locale with glob **/*.mo.
Watching dir C:\Program Files (x86)\Microsoft Visual Studio\Shared\Python36_64\lib\site-packages\rest_framework\locale with glob **/*.mo.
Watching dir C:\Users\bhs32\Desktop\범수 자료\MillenniumFilecon\upload\locale with glob **/*.mo.
(0.000) 
            SELECT name, type FROM sqlite_master
            WHERE type in ('table', 'view') AND NOT name='sqlite_sequence'
            ORDER BY name; args=None
(0.000) SELECT "django_migrations"."app", "django_migrations"."name" FROM "django_migrations"; args=()
"GET /upload/ HTTP/1.1" 500 59
(0.001) 
            SELECT name, type FROM sqlite_master
            WHERE type in ('table', 'view') AND NOT name='sqlite_sequence'
            ORDER BY name; args=None
(0.001) SELECT "django_migrations"."app", "django_migrations"."name" FROM "django_migrations"; args=()
(0.000) 
            SELECT name, type FROM sqlite_master
            WHERE type in ('table', 'view') AND NOT name='sqlite_sequence'
            ORDER BY name; args=None
(0.000) SELECT "django_migrations"."app", "django_migrations"."name" FROM "django_migrations"; args=()
(0.000) 
            SELECT name, type FROM sqlite_master
            WHERE type in ('table', 'view') AND NOT name='sqlite_sequence'
            ORDER BY name; args=None
(0.001) SELECT "django_migrations"."app", "django_migrations"."name" FROM "django_migrations"; args=()
(0.000) 
            SELECT name, type FROM sqlite_master
            WHERE type in ('table', 'view') AND NOT name='sqlite_sequence'
            ORDER BY name; args=None
(0.000) 
            SELECT name, type FROM sqlite_master
            WHERE type in ('table', 'view') AND NOT name='sqlite_sequence'
            ORDER BY name; args=None
(0.000) SELECT "django_migrations"."app", "django_migrations"."name" FROM "django_migrations"; args=()
(0.000) SELECT "django_content_type"."id", "django_content_type"."app_label", "django_content_type"."model" FROM "django_content_type" WHERE "django_content_type"."app_label" = 'admin'; args=('admin',)
(0.000) SELECT "django_content_type"."id", "django_content_type"."app_label", "django_content_type"."model" FROM "django_content_type" WHERE ("django_content_type"."app_label" = 'admin' AND "django_content_type"."model" = 'logentry'); args=('admin', 'logentry')
(0.000) SELECT "auth_permission"."content_type_id", "auth_permission"."codename" FROM "auth_permission" INNER JOIN "django_content_type" ON ("auth_permission"."content_type_id" = "django_content_type"."id") WHERE "auth_permission"."content_type_id" IN (1) ORDER BY "django_content_type"."app_label" ASC, "django_content_type"."model" ASC, "auth_permission"."codename" ASC; args=(1,)
(0.000) SELECT "django_content_type"."id", "django_content_type"."app_label", "django_content_type"."model" FROM "django_content_type" WHERE "django_content_type"."app_label" = 'admin'; args=('admin',)
(0.000) SELECT "django_content_type"."id", "django_content_type"."app_label", "django_content_type"."model" FROM "django_content_type" WHERE "django_content_type"."app_label" = 'auth'; args=('auth',)
(0.000) SELECT "django_content_type"."id", "django_content_type"."app_label", "django_content_type"."model" FROM "django_content_type" WHERE ("django_content_type"."app_label" = 'auth' AND "django_content_type"."model" = 'permission'); args=('auth', 'permission')
(0.000) SELECT "django_content_type"."id", "django_content_type"."app_label", "django_content_type"."model" FROM "django_content_type" WHERE ("django_content_type"."app_label" = 'auth' AND "django_content_type"."model" = 'group'); args=('auth', 'group')
(0.000) SELECT "django_content_type"."id", "django_content_type"."app_label", "django_content_type"."model" FROM "django_content_type" WHERE ("django_content_type"."app_label" = 'auth' AND "django_content_type"."model" = 'user'); args=('auth', 'user')
(0.001) SELECT "auth_permission"."content_type_id", "auth_permission"."codename" FROM "auth_permission" INNER JOIN "django_content_type" ON ("auth_permission"."content_type_id" = "django_content_type"."id") WHERE "auth_permission"."content_type_id" IN (2, 3, 4) ORDER BY "django_content_type"."app_label" ASC, "django_content_type"."model" ASC, "auth_permission"."codename" ASC; args=(2, 3, 4)
(0.000) SELECT "django_content_type"."id", "django_content_type"."app_label", "django_content_type"."model" FROM "django_content_type" WHERE "django_content_type"."app_label" = 'auth'; args=('auth',)
(0.000) SELECT "django_content_type"."id", "django_content_type"."app_label", "django_content_type"."model" FROM "django_content_type" WHERE "django_content_type"."app_label" = 'contenttypes'; args=('contenttypes',)
(0.000) SELECT "django_content_type"."id", "django_content_type"."app_label", "django_content_type"."model" FROM "django_content_type" WHERE ("django_content_type"."app_label" = 'contenttypes' AND "django_content_type"."model" = 'contenttype'); args=('contenttypes', 'contenttype')
(0.000) SELECT "auth_permission"."content_type_id", "auth_permission"."codename" FROM "auth_permission" INNER JOIN "django_content_type" ON ("auth_permission"."content_type_id" = "django_content_type"."id") WHERE "auth_permission"."content_type_id" IN (5) ORDER BY "django_content_type"."app_label" ASC, "django_content_type"."model" ASC, "auth_permission"."codename" ASC; args=(5,)
(0.000) SELECT "django_content_type"."id", "django_content_type"."app_label", "django_content_type"."model" FROM "django_content_type" WHERE "django_content_type"."app_label" = 'contenttypes'; args=('contenttypes',)
(0.000) SELECT "django_content_type"."id", "django_content_type"."app_label", "django_content_type"."model" FROM "django_content_type" WHERE "django_content_type"."app_label" = 'sessions'; args=('sessions',)
(0.000) SELECT "django_content_type"."id", "django_content_type"."app_label", "django_content_type"."model" FROM "django_content_type" WHERE ("django_content_type"."app_label" = 'sessions' AND "django_content_type"."model" = 'session'); args=('sessions', 'session')
(0.000) SELECT "auth_permission"."content_type_id", "auth_permission"."codename" FROM "auth_permission" INNER JOIN "django_content_type" ON ("auth_permission"."content_type_id" = "django_content_type"."id") WHERE "auth_permission"."content_type_id" IN (6) ORDER BY "django_content_type"."app_label" ASC, "django_content_type"."model" ASC, "auth_permission"."codename" ASC; args=(6,)
(0.000) SELECT "django_content_type"."id", "django_content_type"."app_label", "django_content_type"."model" FROM "django_content_type" WHERE "django_content_type"."app_label" = 'sessions'; args=('sessions',)
(0.000) SELECT "django_content_type"."id", "django_content_type"."app_label", "django_content_type"."model" FROM "django_content_type" WHERE "django_content_type"."app_label" = 'upload'; args=('upload',)
(0.000) SELECT "django_content_type"."id", "django_content_type"."app_label", "django_content_type"."model" FROM "django_content_type" WHERE ("django_content_type"."app_label" = 'upload' AND "django_content_type"."model" = 'uploadfilemodel'); args=('upload', 'uploadfilemodel')
(0.000) SELECT "auth_permission"."content_type_id", "auth_permission"."codename" FROM "auth_permission" INNER JOIN "django_content_type" ON ("auth_permission"."content_type_id" = "django_content_type"."id") WHERE "auth_permission"."content_type_id" IN (9) ORDER BY "django_content_type"."app_label" ASC, "django_content_type"."model" ASC, "auth_permission"."codename" ASC; args=(9,)
(0.000) SELECT "django_content_type"."id", "django_content_type"."app_label", "django_content_type"."model" FROM "django_content_type" WHERE "django_content_type"."app_label" = 'upload'; args=('upload',)
Watching for file changes with StatReloader
Waiting for apps ready_event.
Apps ready_event triggered. Sending autoreload_started signal.
Watching dir C:\Users\bhs32\Desktop\범수 자료\MillenniumFilecon\locale with glob **/*.mo.
Watching dir C:\Program Files (x86)\Microsoft Visual Studio\Shared\Python36_64\lib\site-packages\django\contrib\admin\locale with glob **/*.mo.
Watching dir C:\Program Files (x86)\Microsoft Visual Studio\Shared\Python36_64\lib\site-packages\django\contrib\auth\locale with glob **/*.mo.
Watching dir C:\Program Files (x86)\Microsoft Visual Studio\Shared\Python36_64\lib\site-packages\django\contrib\contenttypes\locale with glob **/*.mo.
Watching dir C:\Program Files (x86)\Microsoft Visual Studio\Shared\Python36_64\lib\site-packages\django\contrib\sessions\locale with glob **/*.mo.
Watching dir C:\Program Files (x86)\Microsoft Visual Studio\Shared\Python36_64\lib\site-packages\django\contrib\messages\locale with glob **/*.mo.
Watching dir C:\Program Files (x86)\Microsoft Visual Studio\Shared\Python36_64\lib\site-packages\django\contrib\staticfiles\locale with glob **/*.mo.
Watching dir C:\Program Files (x86)\Microsoft Visual Studio\Shared\Python36_64\lib\site-packages\rest_framework\locale with glob **/*.mo.
Watching dir C:\Users\bhs32\Desktop\범수 자료\MillenniumFilecon\upload\locale with glob **/*.mo.
(0.001) 
            SELECT name, type FROM sqlite_master
            WHERE type in ('table', 'view') AND NOT name='sqlite_sequence'
            ORDER BY name; args=None
(0.000) SELECT "django_migrations"."app", "django_migrations"."name" FROM "django_migrations"; args=()
Exception while resolving variable 'name' in template 'unknown'.
Traceback (most recent call last):
  File "C:\Program Files (x86)\Microsoft Visual Studio\Shared\Python36_64\lib\site-packages\django\core\handlers\exception.py", line 34, in inner
    response = get_response(request)
  File "C:\Program Files (x86)\Microsoft Visual Studio\Shared\Python36_64\lib\site-packages\django\core\handlers\base.py", line 100, in _get_response
    resolver_match = resolver.resolve(request.path_info)
  File "C:\Program Files (x86)\Microsoft Visual Studio\Shared\Python36_64\lib\site-packages\django\urls\resolvers.py", line 558, in resolve
    raise Resolver404({'tried': tried, 'path': new_path})
django.urls.exceptions.Resolver404: {'tried': [[<URLResolver <URLPattern list> (admin:admin) 'admin/'>], [<URLResolver <module 'upload.urls' from 'C:\\Users\\bhs32\\Desktop\\범수 자료\\MillenniumFilecon\\upload\\urls.py'> (upload:upload) 'upload/'>], [<URLPattern '^media\/(?P<path>.*)$'>]], 'path': ''}

During handling of the above exception, another exception occurred:

Traceback (most recent call last):
  File "C:\Program Files (x86)\Microsoft Visual Studio\Shared\Python36_64\lib\site-packages\django\template\base.py", line 829, in _resolve_lookup
    current = current[bit]
TypeError: 'URLResolver' object is not subscriptable

During handling of the above exception, another exception occurred:

Traceback (most recent call last):
  File "C:\Program Files (x86)\Microsoft Visual Studio\Shared\Python36_64\lib\site-packages\django\template\base.py", line 837, in _resolve_lookup
    current = getattr(current, bit)
AttributeError: 'URLResolver' object has no attribute 'name'

During handling of the above exception, another exception occurred:

Traceback (most recent call last):
  File "C:\Program Files (x86)\Microsoft Visual Studio\Shared\Python36_64\lib\site-packages\django\template\base.py", line 843, in _resolve_lookup
    current = current[int(bit)]
ValueError: invalid literal for int() with base 10: 'name'

During handling of the above exception, another exception occurred:

Traceback (most recent call last):
  File "C:\Program Files (x86)\Microsoft Visual Studio\Shared\Python36_64\lib\site-packages\django\template\base.py", line 850, in _resolve_lookup
    (bit, current))  # missing attribute
django.template.base.VariableDoesNotExist: Failed lookup for key [name] in <URLResolver <URLPattern list> (admin:admin) 'admin/'>
Exception while resolving variable 'name' in template 'unknown'.
Traceback (most recent call last):
  File "C:\Program Files (x86)\Microsoft Visual Studio\Shared\Python36_64\lib\site-packages\django\core\handlers\exception.py", line 34, in inner
    response = get_response(request)
  File "C:\Program Files (x86)\Microsoft Visual Studio\Shared\Python36_64\lib\site-packages\django\core\handlers\base.py", line 100, in _get_response
    resolver_match = resolver.resolve(request.path_info)
  File "C:\Program Files (x86)\Microsoft Visual Studio\Shared\Python36_64\lib\site-packages\django\urls\resolvers.py", line 558, in resolve
    raise Resolver404({'tried': tried, 'path': new_path})
django.urls.exceptions.Resolver404: {'tried': [[<URLResolver <URLPattern list> (admin:admin) 'admin/'>], [<URLResolver <module 'upload.urls' from 'C:\\Users\\bhs32\\Desktop\\범수 자료\\MillenniumFilecon\\upload\\urls.py'> (upload:upload) 'upload/'>], [<URLPattern '^media\/(?P<path>.*)$'>]], 'path': ''}

During handling of the above exception, another exception occurred:

Traceback (most recent call last):
  File "C:\Program Files (x86)\Microsoft Visual Studio\Shared\Python36_64\lib\site-packages\django\template\base.py", line 829, in _resolve_lookup
    current = current[bit]
TypeError: 'URLResolver' object is not subscriptable

During handling of the above exception, another exception occurred:

Traceback (most recent call last):
  File "C:\Program Files (x86)\Microsoft Visual Studio\Shared\Python36_64\lib\site-packages\django\template\base.py", line 837, in _resolve_lookup
    current = getattr(current, bit)
AttributeError: 'URLResolver' object has no attribute 'name'

During handling of the above exception, another exception occurred:

Traceback (most recent call last):
  File "C:\Program Files (x86)\Microsoft Visual Studio\Shared\Python36_64\lib\site-packages\django\template\base.py", line 843, in _resolve_lookup
    current = current[int(bit)]
ValueError: invalid literal for int() with base 10: 'name'

During handling of the above exception, another exception occurred:

Traceback (most recent call last):
  File "C:\Program Files (x86)\Microsoft Visual Studio\Shared\Python36_64\lib\site-packages\django\template\base.py", line 850, in _resolve_lookup
    (bit, current))  # missing attribute
django.template.base.VariableDoesNotExist: Failed lookup for key [name] in <URLResolver <module 'upload.urls' from 'C:\\Users\\bhs32\\Desktop\\범수 자료\\MillenniumFilecon\\upload\\urls.py'> (upload:upload) 'upload/'>
Not Found: /
"GET / HTTP/1.1" 404 2166
"GET /upload/ HTTP/1.1" 500 59
"GET /upload/ HTTP/1.1" 500 59
(0.001) 
            SELECT name, type FROM sqlite_master
            WHERE type in ('table', 'view') AND NOT name='sqlite_sequence'
            ORDER BY name; args=None
(0.000) SELECT "django_migrations"."app", "django_migrations"."name" FROM "django_migrations"; args=()
(0.000) 
            SELECT name, type FROM sqlite_master
            WHERE type in ('table', 'view') AND NOT name='sqlite_sequence'
            ORDER BY name; args=None
(0.000) SELECT "django_migrations"."app", "django_migrations"."name" FROM "django_migrations"; args=()
(0.000) 
            SELECT name, type FROM sqlite_master
            WHERE type in ('table', 'view') AND NOT name='sqlite_sequence'
            ORDER BY name; args=None
(0.000) SELECT "django_migrations"."app", "django_migrations"."name" FROM "django_migrations"; args=()
(0.001) 
            SELECT name, type FROM sqlite_master
            WHERE type in ('table', 'view') AND NOT name='sqlite_sequence'
            ORDER BY name; args=None
(0.000) 
            SELECT name, type FROM sqlite_master
            WHERE type in ('table', 'view') AND NOT name='sqlite_sequence'
            ORDER BY name; args=None
(0.000) SELECT "django_migrations"."app", "django_migrations"."name" FROM "django_migrations"; args=()
(0.000) SELECT "django_content_type"."id", "django_content_type"."app_label", "django_content_type"."model" FROM "django_content_type" WHERE "django_content_type"."app_label" = 'admin'; args=('admin',)
(0.000) SELECT "django_content_type"."id", "django_content_type"."app_label", "django_content_type"."model" FROM "django_content_type" WHERE ("django_content_type"."app_label" = 'admin' AND "django_content_type"."model" = 'logentry'); args=('admin', 'logentry')
(0.001) SELECT "auth_permission"."content_type_id", "auth_permission"."codename" FROM "auth_permission" INNER JOIN "django_content_type" ON ("auth_permission"."content_type_id" = "django_content_type"."id") WHERE "auth_permission"."content_type_id" IN (1) ORDER BY "django_content_type"."app_label" ASC, "django_content_type"."model" ASC, "auth_permission"."codename" ASC; args=(1,)
(0.001) SELECT "django_content_type"."id", "django_content_type"."app_label", "django_content_type"."model" FROM "django_content_type" WHERE "django_content_type"."app_label" = 'admin'; args=('admin',)
(0.000) SELECT "django_content_type"."id", "django_content_type"."app_label", "django_content_type"."model" FROM "django_content_type" WHERE "django_content_type"."app_label" = 'auth'; args=('auth',)
(0.000) SELECT "django_content_type"."id", "django_content_type"."app_label", "django_content_type"."model" FROM "django_content_type" WHERE ("django_content_type"."app_label" = 'auth' AND "django_content_type"."model" = 'permission'); args=('auth', 'permission')
(0.000) SELECT "django_content_type"."id", "django_content_type"."app_label", "django_content_type"."model" FROM "django_content_type" WHERE ("django_content_type"."app_label" = 'auth' AND "django_content_type"."model" = 'group'); args=('auth', 'group')
(0.000) SELECT "django_content_type"."id", "django_content_type"."app_label", "django_content_type"."model" FROM "django_content_type" WHERE ("django_content_type"."app_label" = 'auth' AND "django_content_type"."model" = 'user'); args=('auth', 'user')
(0.000) SELECT "auth_permission"."content_type_id", "auth_permission"."codename" FROM "auth_permission" INNER JOIN "django_content_type" ON ("auth_permission"."content_type_id" = "django_content_type"."id") WHERE "auth_permission"."content_type_id" IN (2, 3, 4) ORDER BY "django_content_type"."app_label" ASC, "django_content_type"."model" ASC, "auth_permission"."codename" ASC; args=(2, 3, 4)
(0.000) SELECT "django_content_type"."id", "django_content_type"."app_label", "django_content_type"."model" FROM "django_content_type" WHERE "django_content_type"."app_label" = 'auth'; args=('auth',)
(0.000) SELECT "django_content_type"."id", "django_content_type"."app_label", "django_content_type"."model" FROM "django_content_type" WHERE "django_content_type"."app_label" = 'contenttypes'; args=('contenttypes',)
(0.000) SELECT "django_content_type"."id", "django_content_type"."app_label", "django_content_type"."model" FROM "django_content_type" WHERE ("django_content_type"."app_label" = 'contenttypes' AND "django_content_type"."model" = 'contenttype'); args=('contenttypes', 'contenttype')
(0.000) SELECT "auth_permission"."content_type_id", "auth_permission"."codename" FROM "auth_permission" INNER JOIN "django_content_type" ON ("auth_permission"."content_type_id" = "django_content_type"."id") WHERE "auth_permission"."content_type_id" IN (5) ORDER BY "django_content_type"."app_label" ASC, "django_content_type"."model" ASC, "auth_permission"."codename" ASC; args=(5,)
(0.000) SELECT "django_content_type"."id", "django_content_type"."app_label", "django_content_type"."model" FROM "django_content_type" WHERE "django_content_type"."app_label" = 'contenttypes'; args=('contenttypes',)
(0.000) SELECT "django_content_type"."id", "django_content_type"."app_label", "django_content_type"."model" FROM "django_content_type" WHERE "django_content_type"."app_label" = 'sessions'; args=('sessions',)
(0.000) SELECT "django_content_type"."id", "django_content_type"."app_label", "django_content_type"."model" FROM "django_content_type" WHERE ("django_content_type"."app_label" = 'sessions' AND "django_content_type"."model" = 'session'); args=('sessions', 'session')
(0.001) SELECT "auth_permission"."content_type_id", "auth_permission"."codename" FROM "auth_permission" INNER JOIN "django_content_type" ON ("auth_permission"."content_type_id" = "django_content_type"."id") WHERE "auth_permission"."content_type_id" IN (6) ORDER BY "django_content_type"."app_label" ASC, "django_content_type"."model" ASC, "auth_permission"."codename" ASC; args=(6,)
(0.000) SELECT "django_content_type"."id", "django_content_type"."app_label", "django_content_type"."model" FROM "django_content_type" WHERE "django_content_type"."app_label" = 'sessions'; args=('sessions',)
(0.001) SELECT "django_content_type"."id", "django_content_type"."app_label", "django_content_type"."model" FROM "django_content_type" WHERE "django_content_type"."app_label" = 'upload'; args=('upload',)
(0.000) SELECT "django_content_type"."id", "django_content_type"."app_label", "django_content_type"."model" FROM "django_content_type" WHERE ("django_content_type"."app_label" = 'upload' AND "django_content_type"."model" = 'uploadfilemodel'); args=('upload', 'uploadfilemodel')
(0.000) SELECT "auth_permission"."content_type_id", "auth_permission"."codename" FROM "auth_permission" INNER JOIN "django_content_type" ON ("auth_permission"."content_type_id" = "django_content_type"."id") WHERE "auth_permission"."content_type_id" IN (9) ORDER BY "django_content_type"."app_label" ASC, "django_content_type"."model" ASC, "auth_permission"."codename" ASC; args=(9,)
(0.000) SELECT "django_content_type"."id", "django_content_type"."app_label", "django_content_type"."model" FROM "django_content_type" WHERE "django_content_type"."app_label" = 'upload'; args=('upload',)
Watching for file changes with StatReloader
Waiting for apps ready_event.
Apps ready_event triggered. Sending autoreload_started signal.
Watching dir C:\Users\bhs32\Desktop\범수 자료\MillenniumFilecon\locale with glob **/*.mo.
Watching dir C:\Program Files (x86)\Microsoft Visual Studio\Shared\Python36_64\lib\site-packages\django\contrib\admin\locale with glob **/*.mo.
Watching dir C:\Program Files (x86)\Microsoft Visual Studio\Shared\Python36_64\lib\site-packages\django\contrib\auth\locale with glob **/*.mo.
Watching dir C:\Program Files (x86)\Microsoft Visual Studio\Shared\Python36_64\lib\site-packages\django\contrib\contenttypes\locale with glob **/*.mo.
Watching dir C:\Program Files (x86)\Microsoft Visual Studio\Shared\Python36_64\lib\site-packages\django\contrib\sessions\locale with glob **/*.mo.
Watching dir C:\Program Files (x86)\Microsoft Visual Studio\Shared\Python36_64\lib\site-packages\django\contrib\messages\locale with glob **/*.mo.
Watching dir C:\Program Files (x86)\Microsoft Visual Studio\Shared\Python36_64\lib\site-packages\django\contrib\staticfiles\locale with glob **/*.mo.
Watching dir C:\Program Files (x86)\Microsoft Visual Studio\Shared\Python36_64\lib\site-packages\rest_framework\locale with glob **/*.mo.
Watching dir C:\Users\bhs32\Desktop\범수 자료\MillenniumFilecon\upload\locale with glob **/*.mo.
(0.000) 
            SELECT name, type FROM sqlite_master
            WHERE type in ('table', 'view') AND NOT name='sqlite_sequence'
            ORDER BY name; args=None
(0.000) SELECT "django_migrations"."app", "django_migrations"."name" FROM "django_migrations"; args=()
"GET /upload/ HTTP/1.1" 500 59
(0.000) 
            SELECT name, type FROM sqlite_master
            WHERE type in ('table', 'view') AND NOT name='sqlite_sequence'
            ORDER BY name; args=None
(0.000) SELECT "django_migrations"."app", "django_migrations"."name" FROM "django_migrations"; args=()
(0.000) 
            SELECT name, type FROM sqlite_master
            WHERE type in ('table', 'view') AND NOT name='sqlite_sequence'
            ORDER BY name; args=None
(0.000) SELECT "django_migrations"."app", "django_migrations"."name" FROM "django_migrations"; args=()
(0.001) 
            SELECT name, type FROM sqlite_master
            WHERE type in ('table', 'view') AND NOT name='sqlite_sequence'
            ORDER BY name; args=None
(0.000) SELECT "django_migrations"."app", "django_migrations"."name" FROM "django_migrations"; args=()
(0.000) 
            SELECT name, type FROM sqlite_master
            WHERE type in ('table', 'view') AND NOT name='sqlite_sequence'
            ORDER BY name; args=None
(0.000) 
            SELECT name, type FROM sqlite_master
            WHERE type in ('table', 'view') AND NOT name='sqlite_sequence'
            ORDER BY name; args=None
(0.000) SELECT "django_migrations"."app", "django_migrations"."name" FROM "django_migrations"; args=()
(0.000) SELECT "django_content_type"."id", "django_content_type"."app_label", "django_content_type"."model" FROM "django_content_type" WHERE "django_content_type"."app_label" = 'admin'; args=('admin',)
(0.000) SELECT "django_content_type"."id", "django_content_type"."app_label", "django_content_type"."model" FROM "django_content_type" WHERE ("django_content_type"."app_label" = 'admin' AND "django_content_type"."model" = 'logentry'); args=('admin', 'logentry')
(0.000) SELECT "auth_permission"."content_type_id", "auth_permission"."codename" FROM "auth_permission" INNER JOIN "django_content_type" ON ("auth_permission"."content_type_id" = "django_content_type"."id") WHERE "auth_permission"."content_type_id" IN (1) ORDER BY "django_content_type"."app_label" ASC, "django_content_type"."model" ASC, "auth_permission"."codename" ASC; args=(1,)
(0.000) SELECT "django_content_type"."id", "django_content_type"."app_label", "django_content_type"."model" FROM "django_content_type" WHERE "django_content_type"."app_label" = 'admin'; args=('admin',)
(0.000) SELECT "django_content_type"."id", "django_content_type"."app_label", "django_content_type"."model" FROM "django_content_type" WHERE "django_content_type"."app_label" = 'auth'; args=('auth',)
(0.000) SELECT "django_content_type"."id", "django_content_type"."app_label", "django_content_type"."model" FROM "django_content_type" WHERE ("django_content_type"."app_label" = 'auth' AND "django_content_type"."model" = 'permission'); args=('auth', 'permission')
(0.000) SELECT "django_content_type"."id", "django_content_type"."app_label", "django_content_type"."model" FROM "django_content_type" WHERE ("django_content_type"."app_label" = 'auth' AND "django_content_type"."model" = 'group'); args=('auth', 'group')
(0.000) SELECT "django_content_type"."id", "django_content_type"."app_label", "django_content_type"."model" FROM "django_content_type" WHERE ("django_content_type"."app_label" = 'auth' AND "django_content_type"."model" = 'user'); args=('auth', 'user')
(0.000) SELECT "auth_permission"."content_type_id", "auth_permission"."codename" FROM "auth_permission" INNER JOIN "django_content_type" ON ("auth_permission"."content_type_id" = "django_content_type"."id") WHERE "auth_permission"."content_type_id" IN (2, 3, 4) ORDER BY "django_content_type"."app_label" ASC, "django_content_type"."model" ASC, "auth_permission"."codename" ASC; args=(2, 3, 4)
(0.000) SELECT "django_content_type"."id", "django_content_type"."app_label", "django_content_type"."model" FROM "django_content_type" WHERE "django_content_type"."app_label" = 'auth'; args=('auth',)
(0.000) SELECT "django_content_type"."id", "django_content_type"."app_label", "django_content_type"."model" FROM "django_content_type" WHERE "django_content_type"."app_label" = 'contenttypes'; args=('contenttypes',)
(0.000) SELECT "django_content_type"."id", "django_content_type"."app_label", "django_content_type"."model" FROM "django_content_type" WHERE ("django_content_type"."app_label" = 'contenttypes' AND "django_content_type"."model" = 'contenttype'); args=('contenttypes', 'contenttype')
(0.000) SELECT "auth_permission"."content_type_id", "auth_permission"."codename" FROM "auth_permission" INNER JOIN "django_content_type" ON ("auth_permission"."content_type_id" = "django_content_type"."id") WHERE "auth_permission"."content_type_id" IN (5) ORDER BY "django_content_type"."app_label" ASC, "django_content_type"."model" ASC, "auth_permission"."codename" ASC; args=(5,)
(0.000) SELECT "django_content_type"."id", "django_content_type"."app_label", "django_content_type"."model" FROM "django_content_type" WHERE "django_content_type"."app_label" = 'contenttypes'; args=('contenttypes',)
(0.000) SELECT "django_content_type"."id", "django_content_type"."app_label", "django_content_type"."model" FROM "django_content_type" WHERE "django_content_type"."app_label" = 'sessions'; args=('sessions',)
(0.000) SELECT "django_content_type"."id", "django_content_type"."app_label", "django_content_type"."model" FROM "django_content_type" WHERE ("django_content_type"."app_label" = 'sessions' AND "django_content_type"."model" = 'session'); args=('sessions', 'session')
(0.000) SELECT "auth_permission"."content_type_id", "auth_permission"."codename" FROM "auth_permission" INNER JOIN "django_content_type" ON ("auth_permission"."content_type_id" = "django_content_type"."id") WHERE "auth_permission"."content_type_id" IN (6) ORDER BY "django_content_type"."app_label" ASC, "django_content_type"."model" ASC, "auth_permission"."codename" ASC; args=(6,)
(0.000) SELECT "django_content_type"."id", "django_content_type"."app_label", "django_content_type"."model" FROM "django_content_type" WHERE "django_content_type"."app_label" = 'sessions'; args=('sessions',)
(0.000) SELECT "django_content_type"."id", "django_content_type"."app_label", "django_content_type"."model" FROM "django_content_type" WHERE "django_content_type"."app_label" = 'upload'; args=('upload',)
(0.000) SELECT "django_content_type"."id", "django_content_type"."app_label", "django_content_type"."model" FROM "django_content_type" WHERE ("django_content_type"."app_label" = 'upload' AND "django_content_type"."model" = 'uploadfilemodel'); args=('upload', 'uploadfilemodel')
(0.001) SELECT "auth_permission"."content_type_id", "auth_permission"."codename" FROM "auth_permission" INNER JOIN "django_content_type" ON ("auth_permission"."content_type_id" = "django_content_type"."id") WHERE "auth_permission"."content_type_id" IN (9) ORDER BY "django_content_type"."app_label" ASC, "django_content_type"."model" ASC, "auth_permission"."codename" ASC; args=(9,)
(0.000) SELECT "django_content_type"."id", "django_content_type"."app_label", "django_content_type"."model" FROM "django_content_type" WHERE "django_content_type"."app_label" = 'upload'; args=('upload',)
Watching for file changes with StatReloader
Waiting for apps ready_event.
Apps ready_event triggered. Sending autoreload_started signal.
Watching dir C:\Users\bhs32\Desktop\범수 자료\MillenniumFilecon\locale with glob **/*.mo.
Watching dir C:\Program Files (x86)\Microsoft Visual Studio\Shared\Python36_64\lib\site-packages\django\contrib\admin\locale with glob **/*.mo.
Watching dir C:\Program Files (x86)\Microsoft Visual Studio\Shared\Python36_64\lib\site-packages\django\contrib\auth\locale with glob **/*.mo.
Watching dir C:\Program Files (x86)\Microsoft Visual Studio\Shared\Python36_64\lib\site-packages\django\contrib\contenttypes\locale with glob **/*.mo.
Watching dir C:\Program Files (x86)\Microsoft Visual Studio\Shared\Python36_64\lib\site-packages\django\contrib\sessions\locale with glob **/*.mo.
Watching dir C:\Program Files (x86)\Microsoft Visual Studio\Shared\Python36_64\lib\site-packages\django\contrib\messages\locale with glob **/*.mo.
Watching dir C:\Program Files (x86)\Microsoft Visual Studio\Shared\Python36_64\lib\site-packages\django\contrib\staticfiles\locale with glob **/*.mo.
Watching dir C:\Program Files (x86)\Microsoft Visual Studio\Shared\Python36_64\lib\site-packages\rest_framework\locale with glob **/*.mo.
Watching dir C:\Users\bhs32\Desktop\범수 자료\MillenniumFilecon\upload\locale with glob **/*.mo.
(0.001) 
            SELECT name, type FROM sqlite_master
            WHERE type in ('table', 'view') AND NOT name='sqlite_sequence'
            ORDER BY name; args=None
(0.000) SELECT "django_migrations"."app", "django_migrations"."name" FROM "django_migrations"; args=()
"GET /upload/ HTTP/1.1" 500 59
"GET /upload/ HTTP/1.1" 500 59
"GET /upload/ HTTP/1.1" 500 59
"GET /upload/ HTTP/1.1" 500 59
"GET /upload/ HTTP/1.1" 500 59
Watching for file changes with StatReloader
Waiting for apps ready_event.
Apps ready_event triggered. Sending autoreload_started signal.
Watching dir C:\Users\bhs32\Desktop\skynet\MillenniumFilecon\locale with glob **/*.mo.
Watching dir C:\Program Files (x86)\Microsoft Visual Studio\Shared\Python36_64\lib\site-packages\django\contrib\admin\locale with glob **/*.mo.
Watching dir C:\Program Files (x86)\Microsoft Visual Studio\Shared\Python36_64\lib\site-packages\django\contrib\auth\locale with glob **/*.mo.
Watching dir C:\Program Files (x86)\Microsoft Visual Studio\Shared\Python36_64\lib\site-packages\django\contrib\contenttypes\locale with glob **/*.mo.
Watching dir C:\Program Files (x86)\Microsoft Visual Studio\Shared\Python36_64\lib\site-packages\django\contrib\sessions\locale with glob **/*.mo.
Watching dir C:\Program Files (x86)\Microsoft Visual Studio\Shared\Python36_64\lib\site-packages\django\contrib\messages\locale with glob **/*.mo.
Watching dir C:\Program Files (x86)\Microsoft Visual Studio\Shared\Python36_64\lib\site-packages\django\contrib\staticfiles\locale with glob **/*.mo.
Watching dir C:\Program Files (x86)\Microsoft Visual Studio\Shared\Python36_64\lib\site-packages\rest_framework\locale with glob **/*.mo.
Watching dir C:\Users\bhs32\Desktop\skynet\MillenniumFilecon\upload\locale with glob **/*.mo.
(0.000) 
            SELECT name, type FROM sqlite_master
            WHERE type in ('table', 'view') AND NOT name='sqlite_sequence'
            ORDER BY name; args=None
(0.000) SELECT "django_migrations"."app", "django_migrations"."name" FROM "django_migrations"; args=()
Exception while resolving variable 'name' in template 'unknown'.
Traceback (most recent call last):
  File "C:\Program Files (x86)\Microsoft Visual Studio\Shared\Python36_64\lib\site-packages\django\core\handlers\exception.py", line 34, in inner
    response = get_response(request)
  File "C:\Program Files (x86)\Microsoft Visual Studio\Shared\Python36_64\lib\site-packages\django\core\handlers\base.py", line 100, in _get_response
    resolver_match = resolver.resolve(request.path_info)
  File "C:\Program Files (x86)\Microsoft Visual Studio\Shared\Python36_64\lib\site-packages\django\urls\resolvers.py", line 558, in resolve
    raise Resolver404({'tried': tried, 'path': new_path})
django.urls.exceptions.Resolver404: {'tried': [[<URLResolver <URLPattern list> (admin:admin) 'admin/'>], [<URLResolver <module 'upload.urls' from 'C:\\Users\\bhs32\\Desktop\\skynet\\MillenniumFilecon\\upload\\urls.py'> (upload:upload) 'upload/'>], [<URLPattern '^media\/(?P<path>.*)$'>]], 'path': ''}

During handling of the above exception, another exception occurred:

Traceback (most recent call last):
  File "C:\Program Files (x86)\Microsoft Visual Studio\Shared\Python36_64\lib\site-packages\django\template\base.py", line 829, in _resolve_lookup
    current = current[bit]
TypeError: 'URLResolver' object is not subscriptable

During handling of the above exception, another exception occurred:

Traceback (most recent call last):
  File "C:\Program Files (x86)\Microsoft Visual Studio\Shared\Python36_64\lib\site-packages\django\template\base.py", line 837, in _resolve_lookup
    current = getattr(current, bit)
AttributeError: 'URLResolver' object has no attribute 'name'

During handling of the above exception, another exception occurred:

Traceback (most recent call last):
  File "C:\Program Files (x86)\Microsoft Visual Studio\Shared\Python36_64\lib\site-packages\django\template\base.py", line 843, in _resolve_lookup
    current = current[int(bit)]
ValueError: invalid literal for int() with base 10: 'name'

During handling of the above exception, another exception occurred:

Traceback (most recent call last):
  File "C:\Program Files (x86)\Microsoft Visual Studio\Shared\Python36_64\lib\site-packages\django\template\base.py", line 850, in _resolve_lookup
    (bit, current))  # missing attribute
django.template.base.VariableDoesNotExist: Failed lookup for key [name] in <URLResolver <URLPattern list> (admin:admin) 'admin/'>
Exception while resolving variable 'name' in template 'unknown'.
Traceback (most recent call last):
  File "C:\Program Files (x86)\Microsoft Visual Studio\Shared\Python36_64\lib\site-packages\django\core\handlers\exception.py", line 34, in inner
    response = get_response(request)
  File "C:\Program Files (x86)\Microsoft Visual Studio\Shared\Python36_64\lib\site-packages\django\core\handlers\base.py", line 100, in _get_response
    resolver_match = resolver.resolve(request.path_info)
  File "C:\Program Files (x86)\Microsoft Visual Studio\Shared\Python36_64\lib\site-packages\django\urls\resolvers.py", line 558, in resolve
    raise Resolver404({'tried': tried, 'path': new_path})
django.urls.exceptions.Resolver404: {'tried': [[<URLResolver <URLPattern list> (admin:admin) 'admin/'>], [<URLResolver <module 'upload.urls' from 'C:\\Users\\bhs32\\Desktop\\skynet\\MillenniumFilecon\\upload\\urls.py'> (upload:upload) 'upload/'>], [<URLPattern '^media\/(?P<path>.*)$'>]], 'path': ''}

During handling of the above exception, another exception occurred:

Traceback (most recent call last):
  File "C:\Program Files (x86)\Microsoft Visual Studio\Shared\Python36_64\lib\site-packages\django\template\base.py", line 829, in _resolve_lookup
    current = current[bit]
TypeError: 'URLResolver' object is not subscriptable

During handling of the above exception, another exception occurred:

Traceback (most recent call last):
  File "C:\Program Files (x86)\Microsoft Visual Studio\Shared\Python36_64\lib\site-packages\django\template\base.py", line 837, in _resolve_lookup
    current = getattr(current, bit)
AttributeError: 'URLResolver' object has no attribute 'name'

During handling of the above exception, another exception occurred:

Traceback (most recent call last):
  File "C:\Program Files (x86)\Microsoft Visual Studio\Shared\Python36_64\lib\site-packages\django\template\base.py", line 843, in _resolve_lookup
    current = current[int(bit)]
ValueError: invalid literal for int() with base 10: 'name'

During handling of the above exception, another exception occurred:

Traceback (most recent call last):
  File "C:\Program Files (x86)\Microsoft Visual Studio\Shared\Python36_64\lib\site-packages\django\template\base.py", line 850, in _resolve_lookup
    (bit, current))  # missing attribute
django.template.base.VariableDoesNotExist: Failed lookup for key [name] in <URLResolver <module 'upload.urls' from 'C:\\Users\\bhs32\\Desktop\\skynet\\MillenniumFilecon\\upload\\urls.py'> (upload:upload) 'upload/'>
Not Found: /
"GET / HTTP/1.1" 404 2166
"GET /upload/ HTTP/1.1" 500 59
Watching for file changes with StatReloader
Waiting for apps ready_event.
Apps ready_event triggered. Sending autoreload_started signal.
Watching dir C:\Users\bhs32\Desktop\skynet\MillenniumFilecon\locale with glob **/*.mo.
Watching dir C:\Program Files (x86)\Microsoft Visual Studio\Shared\Python36_64\lib\site-packages\django\contrib\admin\locale with glob **/*.mo.
Watching dir C:\Program Files (x86)\Microsoft Visual Studio\Shared\Python36_64\lib\site-packages\django\contrib\auth\locale with glob **/*.mo.
Watching dir C:\Program Files (x86)\Microsoft Visual Studio\Shared\Python36_64\lib\site-packages\django\contrib\contenttypes\locale with glob **/*.mo.
Watching dir C:\Program Files (x86)\Microsoft Visual Studio\Shared\Python36_64\lib\site-packages\django\contrib\sessions\locale with glob **/*.mo.
Watching dir C:\Program Files (x86)\Microsoft Visual Studio\Shared\Python36_64\lib\site-packages\django\contrib\messages\locale with glob **/*.mo.
Watching dir C:\Program Files (x86)\Microsoft Visual Studio\Shared\Python36_64\lib\site-packages\django\contrib\staticfiles\locale with glob **/*.mo.
Watching dir C:\Program Files (x86)\Microsoft Visual Studio\Shared\Python36_64\lib\site-packages\rest_framework\locale with glob **/*.mo.
Watching dir C:\Users\bhs32\Desktop\skynet\MillenniumFilecon\upload\locale with glob **/*.mo.
(0.001) 
            SELECT name, type FROM sqlite_master
            WHERE type in ('table', 'view') AND NOT name='sqlite_sequence'
            ORDER BY name; args=None
(0.000) SELECT "django_migrations"."app", "django_migrations"."name" FROM "django_migrations"; args=()
"GET /upload/ HTTP/1.1" 500 59
Watching for file changes with StatReloader
Waiting for apps ready_event.
Apps ready_event triggered. Sending autoreload_started signal.
Watching dir C:\Users\bhs32\Desktop\skynet\MillenniumFilecon\locale with glob **/*.mo.
Watching dir C:\Program Files (x86)\Microsoft Visual Studio\Shared\Python36_64\lib\site-packages\django\contrib\admin\locale with glob **/*.mo.
Watching dir C:\Program Files (x86)\Microsoft Visual Studio\Shared\Python36_64\lib\site-packages\django\contrib\auth\locale with glob **/*.mo.
Watching dir C:\Program Files (x86)\Microsoft Visual Studio\Shared\Python36_64\lib\site-packages\django\contrib\contenttypes\locale with glob **/*.mo.
Watching dir C:\Program Files (x86)\Microsoft Visual Studio\Shared\Python36_64\lib\site-packages\django\contrib\sessions\locale with glob **/*.mo.
Watching dir C:\Program Files (x86)\Microsoft Visual Studio\Shared\Python36_64\lib\site-packages\django\contrib\messages\locale with glob **/*.mo.
Watching dir C:\Program Files (x86)\Microsoft Visual Studio\Shared\Python36_64\lib\site-packages\django\contrib\staticfiles\locale with glob **/*.mo.
Watching dir C:\Program Files (x86)\Microsoft Visual Studio\Shared\Python36_64\lib\site-packages\rest_framework\locale with glob **/*.mo.
Watching dir C:\Users\bhs32\Desktop\skynet\MillenniumFilecon\upload\locale with glob **/*.mo.
(0.001) 
            SELECT name, type FROM sqlite_master
            WHERE type in ('table', 'view') AND NOT name='sqlite_sequence'
            ORDER BY name; args=None
(0.000) SELECT "django_migrations"."app", "django_migrations"."name" FROM "django_migrations"; args=()
"GET /upload/ HTTP/1.1" 500 59
Watching for file changes with StatReloader
Waiting for apps ready_event.
Apps ready_event triggered. Sending autoreload_started signal.
Watching dir C:\Users\bhs32\Desktop\skynet\MillenniumFilecon\locale with glob **/*.mo.
Watching dir C:\Program Files (x86)\Microsoft Visual Studio\Shared\Python36_64\lib\site-packages\django\contrib\admin\locale with glob **/*.mo.
Watching dir C:\Program Files (x86)\Microsoft Visual Studio\Shared\Python36_64\lib\site-packages\django\contrib\auth\locale with glob **/*.mo.
Watching dir C:\Program Files (x86)\Microsoft Visual Studio\Shared\Python36_64\lib\site-packages\django\contrib\contenttypes\locale with glob **/*.mo.
Watching dir C:\Program Files (x86)\Microsoft Visual Studio\Shared\Python36_64\lib\site-packages\django\contrib\sessions\locale with glob **/*.mo.
Watching dir C:\Program Files (x86)\Microsoft Visual Studio\Shared\Python36_64\lib\site-packages\django\contrib\messages\locale with glob **/*.mo.
Watching dir C:\Program Files (x86)\Microsoft Visual Studio\Shared\Python36_64\lib\site-packages\django\contrib\staticfiles\locale with glob **/*.mo.
Watching dir C:\Program Files (x86)\Microsoft Visual Studio\Shared\Python36_64\lib\site-packages\rest_framework\locale with glob **/*.mo.
Watching dir C:\Users\bhs32\Desktop\skynet\MillenniumFilecon\upload\locale with glob **/*.mo.
(0.000) 
            SELECT name, type FROM sqlite_master
            WHERE type in ('table', 'view') AND NOT name='sqlite_sequence'
            ORDER BY name; args=None
(0.000) SELECT "django_migrations"."app", "django_migrations"."name" FROM "django_migrations"; args=()
"GET /upload/ HTTP/1.1" 500 59
Watching for file changes with StatReloader
Waiting for apps ready_event.
Apps ready_event triggered. Sending autoreload_started signal.
Watching dir C:\Users\bhs32\Desktop\skynet\MillenniumFilecon\locale with glob **/*.mo.
Watching dir C:\Program Files (x86)\Microsoft Visual Studio\Shared\Python36_64\lib\site-packages\django\contrib\admin\locale with glob **/*.mo.
Watching dir C:\Program Files (x86)\Microsoft Visual Studio\Shared\Python36_64\lib\site-packages\django\contrib\auth\locale with glob **/*.mo.
Watching dir C:\Program Files (x86)\Microsoft Visual Studio\Shared\Python36_64\lib\site-packages\django\contrib\contenttypes\locale with glob **/*.mo.
Watching dir C:\Program Files (x86)\Microsoft Visual Studio\Shared\Python36_64\lib\site-packages\django\contrib\sessions\locale with glob **/*.mo.
Watching dir C:\Program Files (x86)\Microsoft Visual Studio\Shared\Python36_64\lib\site-packages\django\contrib\messages\locale with glob **/*.mo.
Watching dir C:\Program Files (x86)\Microsoft Visual Studio\Shared\Python36_64\lib\site-packages\django\contrib\staticfiles\locale with glob **/*.mo.
Watching dir C:\Program Files (x86)\Microsoft Visual Studio\Shared\Python36_64\lib\site-packages\rest_framework\locale with glob **/*.mo.
Watching dir C:\Users\bhs32\Desktop\skynet\MillenniumFilecon\upload\locale with glob **/*.mo.
(0.000) 
            SELECT name, type FROM sqlite_master
            WHERE type in ('table', 'view') AND NOT name='sqlite_sequence'
            ORDER BY name; args=None
(0.000) SELECT "django_migrations"."app", "django_migrations"."name" FROM "django_migrations"; args=()
"GET /upload/ HTTP/1.1" 500 59
Watching for file changes with StatReloader
Waiting for apps ready_event.
Apps ready_event triggered. Sending autoreload_started signal.
Watching dir C:\Users\bhs32\Desktop\skynet\MillenniumFilecon\locale with glob **/*.mo.
Watching dir C:\Program Files (x86)\Microsoft Visual Studio\Shared\Python36_64\lib\site-packages\django\contrib\admin\locale with glob **/*.mo.
Watching dir C:\Program Files (x86)\Microsoft Visual Studio\Shared\Python36_64\lib\site-packages\django\contrib\auth\locale with glob **/*.mo.
Watching dir C:\Program Files (x86)\Microsoft Visual Studio\Shared\Python36_64\lib\site-packages\django\contrib\contenttypes\locale with glob **/*.mo.
Watching dir C:\Program Files (x86)\Microsoft Visual Studio\Shared\Python36_64\lib\site-packages\django\contrib\sessions\locale with glob **/*.mo.
Watching dir C:\Program Files (x86)\Microsoft Visual Studio\Shared\Python36_64\lib\site-packages\django\contrib\messages\locale with glob **/*.mo.
Watching dir C:\Program Files (x86)\Microsoft Visual Studio\Shared\Python36_64\lib\site-packages\django\contrib\staticfiles\locale with glob **/*.mo.
Watching dir C:\Program Files (x86)\Microsoft Visual Studio\Shared\Python36_64\lib\site-packages\rest_framework\locale with glob **/*.mo.
Watching dir C:\Users\bhs32\Desktop\skynet\MillenniumFilecon\upload\locale with glob **/*.mo.
(0.000) 
            SELECT name, type FROM sqlite_master
            WHERE type in ('table', 'view') AND NOT name='sqlite_sequence'
            ORDER BY name; args=None
(0.000) SELECT "django_migrations"."app", "django_migrations"."name" FROM "django_migrations"; args=()
"GET /upload/ HTTP/1.1" 500 59
(0.000) 
            SELECT name, type FROM sqlite_master
            WHERE type in ('table', 'view') AND NOT name='sqlite_sequence'
            ORDER BY name; args=None
(0.000) SELECT "django_migrations"."app", "django_migrations"."name" FROM "django_migrations"; args=()
(0.000) 
            SELECT name, type FROM sqlite_master
            WHERE type in ('table', 'view') AND NOT name='sqlite_sequence'
            ORDER BY name; args=None
(0.000) SELECT "django_migrations"."app", "django_migrations"."name" FROM "django_migrations"; args=()
(0.000) 
            SELECT name, type FROM sqlite_master
            WHERE type in ('table', 'view') AND NOT name='sqlite_sequence'
            ORDER BY name; args=None
(0.000) SELECT "django_migrations"."app", "django_migrations"."name" FROM "django_migrations"; args=()
(0.001) 
            SELECT name, type FROM sqlite_master
            WHERE type in ('table', 'view') AND NOT name='sqlite_sequence'
            ORDER BY name; args=None
(0.000) 
            SELECT name, type FROM sqlite_master
            WHERE type in ('table', 'view') AND NOT name='sqlite_sequence'
            ORDER BY name; args=None
(0.000) SELECT "django_migrations"."app", "django_migrations"."name" FROM "django_migrations"; args=()
(0.000) SELECT "django_content_type"."id", "django_content_type"."app_label", "django_content_type"."model" FROM "django_content_type" WHERE "django_content_type"."app_label" = 'admin'; args=('admin',)
(0.000) SELECT "django_content_type"."id", "django_content_type"."app_label", "django_content_type"."model" FROM "django_content_type" WHERE ("django_content_type"."app_label" = 'admin' AND "django_content_type"."model" = 'logentry'); args=('admin', 'logentry')
(0.000) SELECT "auth_permission"."content_type_id", "auth_permission"."codename" FROM "auth_permission" INNER JOIN "django_content_type" ON ("auth_permission"."content_type_id" = "django_content_type"."id") WHERE "auth_permission"."content_type_id" IN (1) ORDER BY "django_content_type"."app_label" ASC, "django_content_type"."model" ASC, "auth_permission"."codename" ASC; args=(1,)
(0.000) SELECT "django_content_type"."id", "django_content_type"."app_label", "django_content_type"."model" FROM "django_content_type" WHERE "django_content_type"."app_label" = 'admin'; args=('admin',)
(0.000) SELECT "django_content_type"."id", "django_content_type"."app_label", "django_content_type"."model" FROM "django_content_type" WHERE "django_content_type"."app_label" = 'auth'; args=('auth',)
(0.000) SELECT "django_content_type"."id", "django_content_type"."app_label", "django_content_type"."model" FROM "django_content_type" WHERE ("django_content_type"."app_label" = 'auth' AND "django_content_type"."model" = 'permission'); args=('auth', 'permission')
(0.000) SELECT "django_content_type"."id", "django_content_type"."app_label", "django_content_type"."model" FROM "django_content_type" WHERE ("django_content_type"."app_label" = 'auth' AND "django_content_type"."model" = 'group'); args=('auth', 'group')
(0.000) SELECT "django_content_type"."id", "django_content_type"."app_label", "django_content_type"."model" FROM "django_content_type" WHERE ("django_content_type"."app_label" = 'auth' AND "django_content_type"."model" = 'user'); args=('auth', 'user')
(0.000) SELECT "auth_permission"."content_type_id", "auth_permission"."codename" FROM "auth_permission" INNER JOIN "django_content_type" ON ("auth_permission"."content_type_id" = "django_content_type"."id") WHERE "auth_permission"."content_type_id" IN (2, 3, 4) ORDER BY "django_content_type"."app_label" ASC, "django_content_type"."model" ASC, "auth_permission"."codename" ASC; args=(2, 3, 4)
(0.000) SELECT "django_content_type"."id", "django_content_type"."app_label", "django_content_type"."model" FROM "django_content_type" WHERE "django_content_type"."app_label" = 'auth'; args=('auth',)
(0.000) SELECT "django_content_type"."id", "django_content_type"."app_label", "django_content_type"."model" FROM "django_content_type" WHERE "django_content_type"."app_label" = 'contenttypes'; args=('contenttypes',)
(0.000) SELECT "django_content_type"."id", "django_content_type"."app_label", "django_content_type"."model" FROM "django_content_type" WHERE ("django_content_type"."app_label" = 'contenttypes' AND "django_content_type"."model" = 'contenttype'); args=('contenttypes', 'contenttype')
(0.000) SELECT "auth_permission"."content_type_id", "auth_permission"."codename" FROM "auth_permission" INNER JOIN "django_content_type" ON ("auth_permission"."content_type_id" = "django_content_type"."id") WHERE "auth_permission"."content_type_id" IN (5) ORDER BY "django_content_type"."app_label" ASC, "django_content_type"."model" ASC, "auth_permission"."codename" ASC; args=(5,)
(0.000) SELECT "django_content_type"."id", "django_content_type"."app_label", "django_content_type"."model" FROM "django_content_type" WHERE "django_content_type"."app_label" = 'contenttypes'; args=('contenttypes',)
(0.000) SELECT "django_content_type"."id", "django_content_type"."app_label", "django_content_type"."model" FROM "django_content_type" WHERE "django_content_type"."app_label" = 'sessions'; args=('sessions',)
(0.000) SELECT "django_content_type"."id", "django_content_type"."app_label", "django_content_type"."model" FROM "django_content_type" WHERE ("django_content_type"."app_label" = 'sessions' AND "django_content_type"."model" = 'session'); args=('sessions', 'session')
(0.001) SELECT "auth_permission"."content_type_id", "auth_permission"."codename" FROM "auth_permission" INNER JOIN "django_content_type" ON ("auth_permission"."content_type_id" = "django_content_type"."id") WHERE "auth_permission"."content_type_id" IN (6) ORDER BY "django_content_type"."app_label" ASC, "django_content_type"."model" ASC, "auth_permission"."codename" ASC; args=(6,)
(0.000) SELECT "django_content_type"."id", "django_content_type"."app_label", "django_content_type"."model" FROM "django_content_type" WHERE "django_content_type"."app_label" = 'sessions'; args=('sessions',)
(0.001) SELECT "django_content_type"."id", "django_content_type"."app_label", "django_content_type"."model" FROM "django_content_type" WHERE "django_content_type"."app_label" = 'upload'; args=('upload',)
(0.000) SELECT "django_content_type"."id", "django_content_type"."app_label", "django_content_type"."model" FROM "django_content_type" WHERE ("django_content_type"."app_label" = 'upload' AND "django_content_type"."model" = 'uploadfilemodel'); args=('upload', 'uploadfilemodel')
(0.000) SELECT "auth_permission"."content_type_id", "auth_permission"."codename" FROM "auth_permission" INNER JOIN "django_content_type" ON ("auth_permission"."content_type_id" = "django_content_type"."id") WHERE "auth_permission"."content_type_id" IN (9) ORDER BY "django_content_type"."app_label" ASC, "django_content_type"."model" ASC, "auth_permission"."codename" ASC; args=(9,)
(0.001) SELECT "django_content_type"."id", "django_content_type"."app_label", "django_content_type"."model" FROM "django_content_type" WHERE "django_content_type"."app_label" = 'upload'; args=('upload',)
Watching for file changes with StatReloader
Waiting for apps ready_event.
Apps ready_event triggered. Sending autoreload_started signal.
Watching dir C:\Users\bhs32\Desktop\skynet\MillenniumFilecon\locale with glob **/*.mo.
Watching dir C:\Program Files (x86)\Microsoft Visual Studio\Shared\Python36_64\lib\site-packages\django\contrib\admin\locale with glob **/*.mo.
Watching dir C:\Program Files (x86)\Microsoft Visual Studio\Shared\Python36_64\lib\site-packages\django\contrib\auth\locale with glob **/*.mo.
Watching dir C:\Program Files (x86)\Microsoft Visual Studio\Shared\Python36_64\lib\site-packages\django\contrib\contenttypes\locale with glob **/*.mo.
Watching dir C:\Program Files (x86)\Microsoft Visual Studio\Shared\Python36_64\lib\site-packages\django\contrib\sessions\locale with glob **/*.mo.
Watching dir C:\Program Files (x86)\Microsoft Visual Studio\Shared\Python36_64\lib\site-packages\django\contrib\messages\locale with glob **/*.mo.
Watching dir C:\Program Files (x86)\Microsoft Visual Studio\Shared\Python36_64\lib\site-packages\django\contrib\staticfiles\locale with glob **/*.mo.
Watching dir C:\Program Files (x86)\Microsoft Visual Studio\Shared\Python36_64\lib\site-packages\rest_framework\locale with glob **/*.mo.
Watching dir C:\Users\bhs32\Desktop\skynet\MillenniumFilecon\upload\locale with glob **/*.mo.
(0.000) 
            SELECT name, type FROM sqlite_master
            WHERE type in ('table', 'view') AND NOT name='sqlite_sequence'
            ORDER BY name; args=None
(0.001) SELECT "django_migrations"."app", "django_migrations"."name" FROM "django_migrations"; args=()
"GET /admin/ HTTP/1.1" 302 0
"GET /admin/login/?next=/admin/ HTTP/1.1" 200 1819
"GET /static/admin/css/base.css HTTP/1.1" 304 0
"GET /static/admin/css/responsive.css HTTP/1.1" 304 0
"GET /static/admin/css/login.css HTTP/1.1" 304 0
"GET /static/admin/css/fonts.css HTTP/1.1" 304 0
"GET /static/admin/fonts/Roboto-Regular-webfont.woff HTTP/1.1" 304 0
"GET /static/admin/fonts/Roboto-Light-webfont.woff HTTP/1.1" 304 0
"GET /upload/ HTTP/1.1" 500 59
File C:\Program Files (x86)\Microsoft Visual Studio\Shared\Python36_64\lib\site-packages\django\views\debug.py. is_changed: False, is_new: True
File C:\Program Files (x86)\Microsoft Visual Studio\Shared\Python36_64\lib\site-packages\django\views\debug.py previous mtime: None, current mtime: 1554295513.815411
C:\Program Files (x86)\Microsoft Visual Studio\Shared\Python36_64\lib\site-packages\django\views\debug.py notified as changed. Signal results: [(<function translation_file_changed at 0x000001B80F2861E0>, None)].
C:\Program Files (x86)\Microsoft Visual Studio\Shared\Python36_64\lib\site-packages\django\views\debug.py changed, reloading.
Watching for file changes with StatReloader
Waiting for apps ready_event.
Apps ready_event triggered. Sending autoreload_started signal.
Watching dir C:\Users\bhs32\Desktop\skynet\MillenniumFilecon\locale with glob **/*.mo.
Watching dir C:\Program Files (x86)\Microsoft Visual Studio\Shared\Python36_64\lib\site-packages\django\contrib\admin\locale with glob **/*.mo.
Watching dir C:\Program Files (x86)\Microsoft Visual Studio\Shared\Python36_64\lib\site-packages\django\contrib\auth\locale with glob **/*.mo.
Watching dir C:\Program Files (x86)\Microsoft Visual Studio\Shared\Python36_64\lib\site-packages\django\contrib\contenttypes\locale with glob **/*.mo.
Watching dir C:\Program Files (x86)\Microsoft Visual Studio\Shared\Python36_64\lib\site-packages\django\contrib\sessions\locale with glob **/*.mo.
Watching dir C:\Program Files (x86)\Microsoft Visual Studio\Shared\Python36_64\lib\site-packages\django\contrib\messages\locale with glob **/*.mo.
Watching dir C:\Program Files (x86)\Microsoft Visual Studio\Shared\Python36_64\lib\site-packages\django\contrib\staticfiles\locale with glob **/*.mo.
Watching dir C:\Program Files (x86)\Microsoft Visual Studio\Shared\Python36_64\lib\site-packages\rest_framework\locale with glob **/*.mo.
Watching dir C:\Users\bhs32\Desktop\skynet\MillenniumFilecon\upload\locale with glob **/*.mo.
(0.001) 
            SELECT name, type FROM sqlite_master
            WHERE type in ('table', 'view') AND NOT name='sqlite_sequence'
            ORDER BY name; args=None
(0.000) SELECT "django_migrations"."app", "django_migrations"."name" FROM "django_migrations"; args=()
(0.001) 
            SELECT name, type FROM sqlite_master
            WHERE type in ('table', 'view') AND NOT name='sqlite_sequence'
            ORDER BY name; args=None
(0.000) SELECT "django_migrations"."app", "django_migrations"."name" FROM "django_migrations"; args=()
(0.000) 
            SELECT name, type FROM sqlite_master
            WHERE type in ('table', 'view') AND NOT name='sqlite_sequence'
            ORDER BY name; args=None
(0.000) SELECT "django_migrations"."app", "django_migrations"."name" FROM "django_migrations"; args=()
(0.000) 
            SELECT name, type FROM sqlite_master
            WHERE type in ('table', 'view') AND NOT name='sqlite_sequence'
            ORDER BY name; args=None
(0.000) SELECT "django_migrations"."app", "django_migrations"."name" FROM "django_migrations"; args=()
(0.000) 
            SELECT name, type FROM sqlite_master
            WHERE type in ('table', 'view') AND NOT name='sqlite_sequence'
            ORDER BY name; args=None
(0.001) 
            SELECT name, type FROM sqlite_master
            WHERE type in ('table', 'view') AND NOT name='sqlite_sequence'
            ORDER BY name; args=None
(0.000) SELECT "django_migrations"."app", "django_migrations"."name" FROM "django_migrations"; args=()
(0.000) SELECT "django_content_type"."id", "django_content_type"."app_label", "django_content_type"."model" FROM "django_content_type" WHERE "django_content_type"."app_label" = 'admin'; args=('admin',)
(0.001) SELECT "django_content_type"."id", "django_content_type"."app_label", "django_content_type"."model" FROM "django_content_type" WHERE ("django_content_type"."app_label" = 'admin' AND "django_content_type"."model" = 'logentry'); args=('admin', 'logentry')
(0.000) SELECT "auth_permission"."content_type_id", "auth_permission"."codename" FROM "auth_permission" INNER JOIN "django_content_type" ON ("auth_permission"."content_type_id" = "django_content_type"."id") WHERE "auth_permission"."content_type_id" IN (1) ORDER BY "django_content_type"."app_label" ASC, "django_content_type"."model" ASC, "auth_permission"."codename" ASC; args=(1,)
(0.001) SELECT "django_content_type"."id", "django_content_type"."app_label", "django_content_type"."model" FROM "django_content_type" WHERE "django_content_type"."app_label" = 'admin'; args=('admin',)
(0.000) SELECT "django_content_type"."id", "django_content_type"."app_label", "django_content_type"."model" FROM "django_content_type" WHERE "django_content_type"."app_label" = 'auth'; args=('auth',)
(0.000) SELECT "django_content_type"."id", "django_content_type"."app_label", "django_content_type"."model" FROM "django_content_type" WHERE ("django_content_type"."app_label" = 'auth' AND "django_content_type"."model" = 'permission'); args=('auth', 'permission')
(0.000) SELECT "django_content_type"."id", "django_content_type"."app_label", "django_content_type"."model" FROM "django_content_type" WHERE ("django_content_type"."app_label" = 'auth' AND "django_content_type"."model" = 'group'); args=('auth', 'group')
(0.000) SELECT "django_content_type"."id", "django_content_type"."app_label", "django_content_type"."model" FROM "django_content_type" WHERE ("django_content_type"."app_label" = 'auth' AND "django_content_type"."model" = 'user'); args=('auth', 'user')
(0.001) SELECT "auth_permission"."content_type_id", "auth_permission"."codename" FROM "auth_permission" INNER JOIN "django_content_type" ON ("auth_permission"."content_type_id" = "django_content_type"."id") WHERE "auth_permission"."content_type_id" IN (2, 3, 4) ORDER BY "django_content_type"."app_label" ASC, "django_content_type"."model" ASC, "auth_permission"."codename" ASC; args=(2, 3, 4)
(0.000) SELECT "django_content_type"."id", "django_content_type"."app_label", "django_content_type"."model" FROM "django_content_type" WHERE "django_content_type"."app_label" = 'auth'; args=('auth',)
(0.000) SELECT "django_content_type"."id", "django_content_type"."app_label", "django_content_type"."model" FROM "django_content_type" WHERE "django_content_type"."app_label" = 'contenttypes'; args=('contenttypes',)
(0.000) SELECT "django_content_type"."id", "django_content_type"."app_label", "django_content_type"."model" FROM "django_content_type" WHERE ("django_content_type"."app_label" = 'contenttypes' AND "django_content_type"."model" = 'contenttype'); args=('contenttypes', 'contenttype')
(0.000) SELECT "auth_permission"."content_type_id", "auth_permission"."codename" FROM "auth_permission" INNER JOIN "django_content_type" ON ("auth_permission"."content_type_id" = "django_content_type"."id") WHERE "auth_permission"."content_type_id" IN (5) ORDER BY "django_content_type"."app_label" ASC, "django_content_type"."model" ASC, "auth_permission"."codename" ASC; args=(5,)
(0.000) SELECT "django_content_type"."id", "django_content_type"."app_label", "django_content_type"."model" FROM "django_content_type" WHERE "django_content_type"."app_label" = 'contenttypes'; args=('contenttypes',)
(0.000) SELECT "django_content_type"."id", "django_content_type"."app_label", "django_content_type"."model" FROM "django_content_type" WHERE "django_content_type"."app_label" = 'sessions'; args=('sessions',)
(0.000) SELECT "django_content_type"."id", "django_content_type"."app_label", "django_content_type"."model" FROM "django_content_type" WHERE ("django_content_type"."app_label" = 'sessions' AND "django_content_type"."model" = 'session'); args=('sessions', 'session')
(0.000) SELECT "auth_permission"."content_type_id", "auth_permission"."codename" FROM "auth_permission" INNER JOIN "django_content_type" ON ("auth_permission"."content_type_id" = "django_content_type"."id") WHERE "auth_permission"."content_type_id" IN (6) ORDER BY "django_content_type"."app_label" ASC, "django_content_type"."model" ASC, "auth_permission"."codename" ASC; args=(6,)
(0.000) SELECT "django_content_type"."id", "django_content_type"."app_label", "django_content_type"."model" FROM "django_content_type" WHERE "django_content_type"."app_label" = 'sessions'; args=('sessions',)
(0.000) SELECT "django_content_type"."id", "django_content_type"."app_label", "django_content_type"."model" FROM "django_content_type" WHERE "django_content_type"."app_label" = 'upload'; args=('upload',)
(0.001) SELECT "django_content_type"."id", "django_content_type"."app_label", "django_content_type"."model" FROM "django_content_type" WHERE ("django_content_type"."app_label" = 'upload' AND "django_content_type"."model" = 'uploadfilemodel'); args=('upload', 'uploadfilemodel')
(0.000) SELECT "auth_permission"."content_type_id", "auth_permission"."codename" FROM "auth_permission" INNER JOIN "django_content_type" ON ("auth_permission"."content_type_id" = "django_content_type"."id") WHERE "auth_permission"."content_type_id" IN (9) ORDER BY "django_content_type"."app_label" ASC, "django_content_type"."model" ASC, "auth_permission"."codename" ASC; args=(9,)
(0.000) SELECT "django_content_type"."id", "django_content_type"."app_label", "django_content_type"."model" FROM "django_content_type" WHERE "django_content_type"."app_label" = 'upload'; args=('upload',)
Watching for file changes with StatReloader
Waiting for apps ready_event.
Apps ready_event triggered. Sending autoreload_started signal.
Watching dir C:\Users\bhs32\Desktop\skynet\MillenniumFilecon\locale with glob **/*.mo.
Watching dir C:\Program Files (x86)\Microsoft Visual Studio\Shared\Python36_64\lib\site-packages\django\contrib\admin\locale with glob **/*.mo.
Watching dir C:\Program Files (x86)\Microsoft Visual Studio\Shared\Python36_64\lib\site-packages\django\contrib\auth\locale with glob **/*.mo.
Watching dir C:\Program Files (x86)\Microsoft Visual Studio\Shared\Python36_64\lib\site-packages\django\contrib\contenttypes\locale with glob **/*.mo.
Watching dir C:\Program Files (x86)\Microsoft Visual Studio\Shared\Python36_64\lib\site-packages\django\contrib\sessions\locale with glob **/*.mo.
Watching dir C:\Program Files (x86)\Microsoft Visual Studio\Shared\Python36_64\lib\site-packages\django\contrib\messages\locale with glob **/*.mo.
Watching dir C:\Program Files (x86)\Microsoft Visual Studio\Shared\Python36_64\lib\site-packages\django\contrib\staticfiles\locale with glob **/*.mo.
Watching dir C:\Program Files (x86)\Microsoft Visual Studio\Shared\Python36_64\lib\site-packages\rest_framework\locale with glob **/*.mo.
Watching dir C:\Users\bhs32\Desktop\skynet\MillenniumFilecon\upload\locale with glob **/*.mo.
(0.001) 
            SELECT name, type FROM sqlite_master
            WHERE type in ('table', 'view') AND NOT name='sqlite_sequence'
            ORDER BY name; args=None
(0.000) SELECT "django_migrations"."app", "django_migrations"."name" FROM "django_migrations"; args=()
Internal Server Error: /upload/
Traceback (most recent call last):
  File "C:\Program Files (x86)\Microsoft Visual Studio\Shared\Python36_64\lib\site-packages\django\core\handlers\exception.py", line 34, in inner
    response = get_response(request)
  File "C:\Program Files (x86)\Microsoft Visual Studio\Shared\Python36_64\lib\site-packages\django\core\handlers\base.py", line 115, in _get_response
    response = self.process_exception_by_middleware(e, request)
  File "C:\Program Files (x86)\Microsoft Visual Studio\Shared\Python36_64\lib\site-packages\django\core\handlers\base.py", line 113, in _get_response
    response = wrapped_callback(request, *callback_args, **callback_kwargs)
  File "C:\Users\bhs32\Desktop\skynet\MillenniumFilecon\upload\views.py", line 16, in upload_file
    return render(request, 'upload_page.html', {'form': form})
  File "C:\Program Files (x86)\Microsoft Visual Studio\Shared\Python36_64\lib\site-packages\django\shortcuts.py", line 36, in render
    content = loader.render_to_string(template_name, context, request, using=using)
  File "C:\Program Files (x86)\Microsoft Visual Studio\Shared\Python36_64\lib\site-packages\django\template\loader.py", line 61, in render_to_string
    template = get_template(template_name, using=using)
  File "C:\Program Files (x86)\Microsoft Visual Studio\Shared\Python36_64\lib\site-packages\django\template\loader.py", line 19, in get_template
    raise TemplateDoesNotExist(template_name, chain=chain)
django.template.exceptions.TemplateDoesNotExist: upload_page.html
"GET /upload/ HTTP/1.1" 500 80632
File C:\Program Files (x86)\Microsoft Visual Studio\Shared\Python36_64\lib\site-packages\django\views\debug.py. is_changed: False, is_new: True
File C:\Program Files (x86)\Microsoft Visual Studio\Shared\Python36_64\lib\site-packages\django\views\debug.py previous mtime: None, current mtime: 1554295842.6638498
C:\Program Files (x86)\Microsoft Visual Studio\Shared\Python36_64\lib\site-packages\django\views\debug.py notified as changed. Signal results: [(<function translation_file_changed at 0x000002289AE361E0>, None)].
C:\Program Files (x86)\Microsoft Visual Studio\Shared\Python36_64\lib\site-packages\django\views\debug.py changed, reloading.
Watching for file changes with StatReloader
Waiting for apps ready_event.
Apps ready_event triggered. Sending autoreload_started signal.
Watching dir C:\Users\bhs32\Desktop\skynet\MillenniumFilecon\locale with glob **/*.mo.
Watching dir C:\Program Files (x86)\Microsoft Visual Studio\Shared\Python36_64\lib\site-packages\django\contrib\admin\locale with glob **/*.mo.
Watching dir C:\Program Files (x86)\Microsoft Visual Studio\Shared\Python36_64\lib\site-packages\django\contrib\auth\locale with glob **/*.mo.
Watching dir C:\Program Files (x86)\Microsoft Visual Studio\Shared\Python36_64\lib\site-packages\django\contrib\contenttypes\locale with glob **/*.mo.
Watching dir C:\Program Files (x86)\Microsoft Visual Studio\Shared\Python36_64\lib\site-packages\django\contrib\sessions\locale with glob **/*.mo.
Watching dir C:\Program Files (x86)\Microsoft Visual Studio\Shared\Python36_64\lib\site-packages\django\contrib\messages\locale with glob **/*.mo.
Watching dir C:\Program Files (x86)\Microsoft Visual Studio\Shared\Python36_64\lib\site-packages\django\contrib\staticfiles\locale with glob **/*.mo.
Watching dir C:\Program Files (x86)\Microsoft Visual Studio\Shared\Python36_64\lib\site-packages\rest_framework\locale with glob **/*.mo.
Watching dir C:\Users\bhs32\Desktop\skynet\MillenniumFilecon\upload\locale with glob **/*.mo.
(0.001) 
            SELECT name, type FROM sqlite_master
            WHERE type in ('table', 'view') AND NOT name='sqlite_sequence'
            ORDER BY name; args=None
(0.000) SELECT "django_migrations"."app", "django_migrations"."name" FROM "django_migrations"; args=()
(0.000) 
            SELECT name, type FROM sqlite_master
            WHERE type in ('table', 'view') AND NOT name='sqlite_sequence'
            ORDER BY name; args=None
(0.000) SELECT "django_migrations"."app", "django_migrations"."name" FROM "django_migrations"; args=()
(0.000) 
            SELECT name, type FROM sqlite_master
            WHERE type in ('table', 'view') AND NOT name='sqlite_sequence'
            ORDER BY name; args=None
(0.000) SELECT "django_migrations"."app", "django_migrations"."name" FROM "django_migrations"; args=()
(0.000) 
            SELECT name, type FROM sqlite_master
            WHERE type in ('table', 'view') AND NOT name='sqlite_sequence'
            ORDER BY name; args=None
(0.000) SELECT "django_migrations"."app", "django_migrations"."name" FROM "django_migrations"; args=()
(0.001) 
            SELECT name, type FROM sqlite_master
            WHERE type in ('table', 'view') AND NOT name='sqlite_sequence'
            ORDER BY name; args=None
(0.000) 
            SELECT name, type FROM sqlite_master
            WHERE type in ('table', 'view') AND NOT name='sqlite_sequence'
            ORDER BY name; args=None
(0.000) SELECT "django_migrations"."app", "django_migrations"."name" FROM "django_migrations"; args=()
(0.000) SELECT "django_content_type"."id", "django_content_type"."app_label", "django_content_type"."model" FROM "django_content_type" WHERE "django_content_type"."app_label" = 'admin'; args=('admin',)
(0.000) SELECT "django_content_type"."id", "django_content_type"."app_label", "django_content_type"."model" FROM "django_content_type" WHERE ("django_content_type"."app_label" = 'admin' AND "django_content_type"."model" = 'logentry'); args=('admin', 'logentry')
(0.000) SELECT "auth_permission"."content_type_id", "auth_permission"."codename" FROM "auth_permission" INNER JOIN "django_content_type" ON ("auth_permission"."content_type_id" = "django_content_type"."id") WHERE "auth_permission"."content_type_id" IN (1) ORDER BY "django_content_type"."app_label" ASC, "django_content_type"."model" ASC, "auth_permission"."codename" ASC; args=(1,)
(0.000) SELECT "django_content_type"."id", "django_content_type"."app_label", "django_content_type"."model" FROM "django_content_type" WHERE "django_content_type"."app_label" = 'admin'; args=('admin',)
(0.000) SELECT "django_content_type"."id", "django_content_type"."app_label", "django_content_type"."model" FROM "django_content_type" WHERE "django_content_type"."app_label" = 'auth'; args=('auth',)
(0.000) SELECT "django_content_type"."id", "django_content_type"."app_label", "django_content_type"."model" FROM "django_content_type" WHERE ("django_content_type"."app_label" = 'auth' AND "django_content_type"."model" = 'permission'); args=('auth', 'permission')
(0.000) SELECT "django_content_type"."id", "django_content_type"."app_label", "django_content_type"."model" FROM "django_content_type" WHERE ("django_content_type"."app_label" = 'auth' AND "django_content_type"."model" = 'group'); args=('auth', 'group')
(0.000) SELECT "django_content_type"."id", "django_content_type"."app_label", "django_content_type"."model" FROM "django_content_type" WHERE ("django_content_type"."app_label" = 'auth' AND "django_content_type"."model" = 'user'); args=('auth', 'user')
(0.000) SELECT "auth_permission"."content_type_id", "auth_permission"."codename" FROM "auth_permission" INNER JOIN "django_content_type" ON ("auth_permission"."content_type_id" = "django_content_type"."id") WHERE "auth_permission"."content_type_id" IN (2, 3, 4) ORDER BY "django_content_type"."app_label" ASC, "django_content_type"."model" ASC, "auth_permission"."codename" ASC; args=(2, 3, 4)
(0.000) SELECT "django_content_type"."id", "django_content_type"."app_label", "django_content_type"."model" FROM "django_content_type" WHERE "django_content_type"."app_label" = 'auth'; args=('auth',)
(0.000) SELECT "django_content_type"."id", "django_content_type"."app_label", "django_content_type"."model" FROM "django_content_type" WHERE "django_content_type"."app_label" = 'contenttypes'; args=('contenttypes',)
(0.000) SELECT "django_content_type"."id", "django_content_type"."app_label", "django_content_type"."model" FROM "django_content_type" WHERE ("django_content_type"."app_label" = 'contenttypes' AND "django_content_type"."model" = 'contenttype'); args=('contenttypes', 'contenttype')
(0.000) SELECT "auth_permission"."content_type_id", "auth_permission"."codename" FROM "auth_permission" INNER JOIN "django_content_type" ON ("auth_permission"."content_type_id" = "django_content_type"."id") WHERE "auth_permission"."content_type_id" IN (5) ORDER BY "django_content_type"."app_label" ASC, "django_content_type"."model" ASC, "auth_permission"."codename" ASC; args=(5,)
(0.000) SELECT "django_content_type"."id", "django_content_type"."app_label", "django_content_type"."model" FROM "django_content_type" WHERE "django_content_type"."app_label" = 'contenttypes'; args=('contenttypes',)
(0.001) SELECT "django_content_type"."id", "django_content_type"."app_label", "django_content_type"."model" FROM "django_content_type" WHERE "django_content_type"."app_label" = 'sessions'; args=('sessions',)
(0.000) SELECT "django_content_type"."id", "django_content_type"."app_label", "django_content_type"."model" FROM "django_content_type" WHERE ("django_content_type"."app_label" = 'sessions' AND "django_content_type"."model" = 'session'); args=('sessions', 'session')
(0.000) SELECT "auth_permission"."content_type_id", "auth_permission"."codename" FROM "auth_permission" INNER JOIN "django_content_type" ON ("auth_permission"."content_type_id" = "django_content_type"."id") WHERE "auth_permission"."content_type_id" IN (6) ORDER BY "django_content_type"."app_label" ASC, "django_content_type"."model" ASC, "auth_permission"."codename" ASC; args=(6,)
(0.000) SELECT "django_content_type"."id", "django_content_type"."app_label", "django_content_type"."model" FROM "django_content_type" WHERE "django_content_type"."app_label" = 'sessions'; args=('sessions',)
(0.000) SELECT "django_content_type"."id", "django_content_type"."app_label", "django_content_type"."model" FROM "django_content_type" WHERE "django_content_type"."app_label" = 'upload'; args=('upload',)
(0.000) SELECT "django_content_type"."id", "django_content_type"."app_label", "django_content_type"."model" FROM "django_content_type" WHERE ("django_content_type"."app_label" = 'upload' AND "django_content_type"."model" = 'uploadfilemodel'); args=('upload', 'uploadfilemodel')
(0.000) SELECT "auth_permission"."content_type_id", "auth_permission"."codename" FROM "auth_permission" INNER JOIN "django_content_type" ON ("auth_permission"."content_type_id" = "django_content_type"."id") WHERE "auth_permission"."content_type_id" IN (9) ORDER BY "django_content_type"."app_label" ASC, "django_content_type"."model" ASC, "auth_permission"."codename" ASC; args=(9,)
(0.000) SELECT "django_content_type"."id", "django_content_type"."app_label", "django_content_type"."model" FROM "django_content_type" WHERE "django_content_type"."app_label" = 'upload'; args=('upload',)
Watching for file changes with StatReloader
Waiting for apps ready_event.
Apps ready_event triggered. Sending autoreload_started signal.
Watching dir C:\Users\bhs32\Desktop\skynet\MillenniumFilecon\locale with glob **/*.mo.
Watching dir C:\Program Files (x86)\Microsoft Visual Studio\Shared\Python36_64\lib\site-packages\django\contrib\admin\locale with glob **/*.mo.
Watching dir C:\Program Files (x86)\Microsoft Visual Studio\Shared\Python36_64\lib\site-packages\django\contrib\auth\locale with glob **/*.mo.
Watching dir C:\Program Files (x86)\Microsoft Visual Studio\Shared\Python36_64\lib\site-packages\django\contrib\contenttypes\locale with glob **/*.mo.
Watching dir C:\Program Files (x86)\Microsoft Visual Studio\Shared\Python36_64\lib\site-packages\django\contrib\sessions\locale with glob **/*.mo.
Watching dir C:\Program Files (x86)\Microsoft Visual Studio\Shared\Python36_64\lib\site-packages\django\contrib\messages\locale with glob **/*.mo.
Watching dir C:\Program Files (x86)\Microsoft Visual Studio\Shared\Python36_64\lib\site-packages\django\contrib\staticfiles\locale with glob **/*.mo.
Watching dir C:\Program Files (x86)\Microsoft Visual Studio\Shared\Python36_64\lib\site-packages\rest_framework\locale with glob **/*.mo.
Watching dir C:\Users\bhs32\Desktop\skynet\MillenniumFilecon\upload\locale with glob **/*.mo.
(0.000) 
            SELECT name, type FROM sqlite_master
            WHERE type in ('table', 'view') AND NOT name='sqlite_sequence'
            ORDER BY name; args=None
(0.000) SELECT "django_migrations"."app", "django_migrations"."name" FROM "django_migrations"; args=()
Internal Server Error: /upload/
Traceback (most recent call last):
  File "C:\Program Files (x86)\Microsoft Visual Studio\Shared\Python36_64\lib\site-packages\django\core\handlers\exception.py", line 34, in inner
    response = get_response(request)
  File "C:\Program Files (x86)\Microsoft Visual Studio\Shared\Python36_64\lib\site-packages\django\core\handlers\base.py", line 115, in _get_response
    response = self.process_exception_by_middleware(e, request)
  File "C:\Program Files (x86)\Microsoft Visual Studio\Shared\Python36_64\lib\site-packages\django\core\handlers\base.py", line 113, in _get_response
    response = wrapped_callback(request, *callback_args, **callback_kwargs)
  File "C:\Users\bhs32\Desktop\skynet\MillenniumFilecon\upload\views.py", line 16, in upload_file
    return render(request, 'upload_page.html', {'form': form})
  File "C:\Program Files (x86)\Microsoft Visual Studio\Shared\Python36_64\lib\site-packages\django\shortcuts.py", line 36, in render
    content = loader.render_to_string(template_name, context, request, using=using)
  File "C:\Program Files (x86)\Microsoft Visual Studio\Shared\Python36_64\lib\site-packages\django\template\loader.py", line 61, in render_to_string
    template = get_template(template_name, using=using)
  File "C:\Program Files (x86)\Microsoft Visual Studio\Shared\Python36_64\lib\site-packages\django\template\loader.py", line 19, in get_template
    raise TemplateDoesNotExist(template_name, chain=chain)
django.template.exceptions.TemplateDoesNotExist: upload_page.html
"GET /upload/ HTTP/1.1" 500 80767
(0.001) 
            SELECT name, type FROM sqlite_master
            WHERE type in ('table', 'view') AND NOT name='sqlite_sequence'
            ORDER BY name; args=None
(0.000) SELECT "django_migrations"."app", "django_migrations"."name" FROM "django_migrations"; args=()
(0.001) 
            SELECT name, type FROM sqlite_master
            WHERE type in ('table', 'view') AND NOT name='sqlite_sequence'
            ORDER BY name; args=None
(0.000) SELECT "django_migrations"."app", "django_migrations"."name" FROM "django_migrations"; args=()
(0.000) 
            SELECT name, type FROM sqlite_master
            WHERE type in ('table', 'view') AND NOT name='sqlite_sequence'
            ORDER BY name; args=None
(0.000) SELECT "django_migrations"."app", "django_migrations"."name" FROM "django_migrations"; args=()
(0.001) 
            SELECT name, type FROM sqlite_master
            WHERE type in ('table', 'view') AND NOT name='sqlite_sequence'
            ORDER BY name; args=None
(0.000) 
            SELECT name, type FROM sqlite_master
            WHERE type in ('table', 'view') AND NOT name='sqlite_sequence'
            ORDER BY name; args=None
(0.000) SELECT "django_migrations"."app", "django_migrations"."name" FROM "django_migrations"; args=()
(0.000) SELECT "django_content_type"."id", "django_content_type"."app_label", "django_content_type"."model" FROM "django_content_type" WHERE "django_content_type"."app_label" = 'admin'; args=('admin',)
(0.000) SELECT "django_content_type"."id", "django_content_type"."app_label", "django_content_type"."model" FROM "django_content_type" WHERE ("django_content_type"."app_label" = 'admin' AND "django_content_type"."model" = 'logentry'); args=('admin', 'logentry')
(0.000) SELECT "auth_permission"."content_type_id", "auth_permission"."codename" FROM "auth_permission" INNER JOIN "django_content_type" ON ("auth_permission"."content_type_id" = "django_content_type"."id") WHERE "auth_permission"."content_type_id" IN (1) ORDER BY "django_content_type"."app_label" ASC, "django_content_type"."model" ASC, "auth_permission"."codename" ASC; args=(1,)
(0.000) SELECT "django_content_type"."id", "django_content_type"."app_label", "django_content_type"."model" FROM "django_content_type" WHERE "django_content_type"."app_label" = 'admin'; args=('admin',)
(0.000) SELECT "django_content_type"."id", "django_content_type"."app_label", "django_content_type"."model" FROM "django_content_type" WHERE "django_content_type"."app_label" = 'auth'; args=('auth',)
(0.001) SELECT "django_content_type"."id", "django_content_type"."app_label", "django_content_type"."model" FROM "django_content_type" WHERE ("django_content_type"."app_label" = 'auth' AND "django_content_type"."model" = 'permission'); args=('auth', 'permission')
(0.000) SELECT "django_content_type"."id", "django_content_type"."app_label", "django_content_type"."model" FROM "django_content_type" WHERE ("django_content_type"."app_label" = 'auth' AND "django_content_type"."model" = 'group'); args=('auth', 'group')
(0.000) SELECT "django_content_type"."id", "django_content_type"."app_label", "django_content_type"."model" FROM "django_content_type" WHERE ("django_content_type"."app_label" = 'auth' AND "django_content_type"."model" = 'user'); args=('auth', 'user')
(0.000) SELECT "auth_permission"."content_type_id", "auth_permission"."codename" FROM "auth_permission" INNER JOIN "django_content_type" ON ("auth_permission"."content_type_id" = "django_content_type"."id") WHERE "auth_permission"."content_type_id" IN (2, 3, 4) ORDER BY "django_content_type"."app_label" ASC, "django_content_type"."model" ASC, "auth_permission"."codename" ASC; args=(2, 3, 4)
(0.000) SELECT "django_content_type"."id", "django_content_type"."app_label", "django_content_type"."model" FROM "django_content_type" WHERE "django_content_type"."app_label" = 'auth'; args=('auth',)
(0.000) SELECT "django_content_type"."id", "django_content_type"."app_label", "django_content_type"."model" FROM "django_content_type" WHERE "django_content_type"."app_label" = 'contenttypes'; args=('contenttypes',)
(0.000) SELECT "django_content_type"."id", "django_content_type"."app_label", "django_content_type"."model" FROM "django_content_type" WHERE ("django_content_type"."app_label" = 'contenttypes' AND "django_content_type"."model" = 'contenttype'); args=('contenttypes', 'contenttype')
(0.000) SELECT "auth_permission"."content_type_id", "auth_permission"."codename" FROM "auth_permission" INNER JOIN "django_content_type" ON ("auth_permission"."content_type_id" = "django_content_type"."id") WHERE "auth_permission"."content_type_id" IN (5) ORDER BY "django_content_type"."app_label" ASC, "django_content_type"."model" ASC, "auth_permission"."codename" ASC; args=(5,)
(0.000) SELECT "django_content_type"."id", "django_content_type"."app_label", "django_content_type"."model" FROM "django_content_type" WHERE "django_content_type"."app_label" = 'contenttypes'; args=('contenttypes',)
(0.001) SELECT "django_content_type"."id", "django_content_type"."app_label", "django_content_type"."model" FROM "django_content_type" WHERE "django_content_type"."app_label" = 'sessions'; args=('sessions',)
(0.000) SELECT "django_content_type"."id", "django_content_type"."app_label", "django_content_type"."model" FROM "django_content_type" WHERE ("django_content_type"."app_label" = 'sessions' AND "django_content_type"."model" = 'session'); args=('sessions', 'session')
(0.000) SELECT "auth_permission"."content_type_id", "auth_permission"."codename" FROM "auth_permission" INNER JOIN "django_content_type" ON ("auth_permission"."content_type_id" = "django_content_type"."id") WHERE "auth_permission"."content_type_id" IN (6) ORDER BY "django_content_type"."app_label" ASC, "django_content_type"."model" ASC, "auth_permission"."codename" ASC; args=(6,)
(0.000) SELECT "django_content_type"."id", "django_content_type"."app_label", "django_content_type"."model" FROM "django_content_type" WHERE "django_content_type"."app_label" = 'sessions'; args=('sessions',)
(0.000) SELECT "django_content_type"."id", "django_content_type"."app_label", "django_content_type"."model" FROM "django_content_type" WHERE "django_content_type"."app_label" = 'upload'; args=('upload',)
(0.001) SELECT "django_content_type"."id", "django_content_type"."app_label", "django_content_type"."model" FROM "django_content_type" WHERE ("django_content_type"."app_label" = 'upload' AND "django_content_type"."model" = 'uploadfilemodel'); args=('upload', 'uploadfilemodel')
(0.001) SELECT "auth_permission"."content_type_id", "auth_permission"."codename" FROM "auth_permission" INNER JOIN "django_content_type" ON ("auth_permission"."content_type_id" = "django_content_type"."id") WHERE "auth_permission"."content_type_id" IN (9) ORDER BY "django_content_type"."app_label" ASC, "django_content_type"."model" ASC, "auth_permission"."codename" ASC; args=(9,)
(0.000) SELECT "django_content_type"."id", "django_content_type"."app_label", "django_content_type"."model" FROM "django_content_type" WHERE "django_content_type"."app_label" = 'upload'; args=('upload',)
Watching for file changes with StatReloader
Waiting for apps ready_event.
Apps ready_event triggered. Sending autoreload_started signal.
Watching dir C:\Users\bhs32\Desktop\skynet\MillenniumFilecon\locale with glob **/*.mo.
Watching dir C:\Program Files (x86)\Microsoft Visual Studio\Shared\Python36_64\lib\site-packages\django\contrib\admin\locale with glob **/*.mo.
Watching dir C:\Program Files (x86)\Microsoft Visual Studio\Shared\Python36_64\lib\site-packages\django\contrib\auth\locale with glob **/*.mo.
Watching dir C:\Program Files (x86)\Microsoft Visual Studio\Shared\Python36_64\lib\site-packages\django\contrib\contenttypes\locale with glob **/*.mo.
Watching dir C:\Program Files (x86)\Microsoft Visual Studio\Shared\Python36_64\lib\site-packages\django\contrib\sessions\locale with glob **/*.mo.
Watching dir C:\Program Files (x86)\Microsoft Visual Studio\Shared\Python36_64\lib\site-packages\django\contrib\messages\locale with glob **/*.mo.
Watching dir C:\Program Files (x86)\Microsoft Visual Studio\Shared\Python36_64\lib\site-packages\django\contrib\staticfiles\locale with glob **/*.mo.
Watching dir C:\Program Files (x86)\Microsoft Visual Studio\Shared\Python36_64\lib\site-packages\rest_framework\locale with glob **/*.mo.
Watching dir C:\Users\bhs32\Desktop\skynet\MillenniumFilecon\upload\locale with glob **/*.mo.
(0.001) 
            SELECT name, type FROM sqlite_master
            WHERE type in ('table', 'view') AND NOT name='sqlite_sequence'
            ORDER BY name; args=None
(0.000) SELECT "django_migrations"."app", "django_migrations"."name" FROM "django_migrations"; args=()
"GET /upload/ HTTP/1.1" 200 473
(0.001) 
            SELECT name, type FROM sqlite_master
            WHERE type in ('table', 'view') AND NOT name='sqlite_sequence'
            ORDER BY name; args=None
(0.001) SELECT "django_migrations"."app", "django_migrations"."name" FROM "django_migrations"; args=()
(0.001) 
            SELECT name, type FROM sqlite_master
            WHERE type in ('table', 'view') AND NOT name='sqlite_sequence'
            ORDER BY name; args=None
(0.000) SELECT "django_migrations"."app", "django_migrations"."name" FROM "django_migrations"; args=()
(0.000) 
            SELECT name, type FROM sqlite_master
            WHERE type in ('table', 'view') AND NOT name='sqlite_sequence'
            ORDER BY name; args=None
(0.000) SELECT "django_migrations"."app", "django_migrations"."name" FROM "django_migrations"; args=()
(0.001) 
            SELECT name, type FROM sqlite_master
            WHERE type in ('table', 'view') AND NOT name='sqlite_sequence'
            ORDER BY name; args=None
(0.000) 
            SELECT name, type FROM sqlite_master
            WHERE type in ('table', 'view') AND NOT name='sqlite_sequence'
            ORDER BY name; args=None
(0.000) SELECT "django_migrations"."app", "django_migrations"."name" FROM "django_migrations"; args=()
(0.001) SELECT "django_content_type"."id", "django_content_type"."app_label", "django_content_type"."model" FROM "django_content_type" WHERE "django_content_type"."app_label" = 'admin'; args=('admin',)
(0.000) SELECT "django_content_type"."id", "django_content_type"."app_label", "django_content_type"."model" FROM "django_content_type" WHERE ("django_content_type"."app_label" = 'admin' AND "django_content_type"."model" = 'logentry'); args=('admin', 'logentry')
(0.000) SELECT "auth_permission"."content_type_id", "auth_permission"."codename" FROM "auth_permission" INNER JOIN "django_content_type" ON ("auth_permission"."content_type_id" = "django_content_type"."id") WHERE "auth_permission"."content_type_id" IN (1) ORDER BY "django_content_type"."app_label" ASC, "django_content_type"."model" ASC, "auth_permission"."codename" ASC; args=(1,)
(0.000) SELECT "django_content_type"."id", "django_content_type"."app_label", "django_content_type"."model" FROM "django_content_type" WHERE "django_content_type"."app_label" = 'admin'; args=('admin',)
(0.000) SELECT "django_content_type"."id", "django_content_type"."app_label", "django_content_type"."model" FROM "django_content_type" WHERE "django_content_type"."app_label" = 'auth'; args=('auth',)
(0.000) SELECT "django_content_type"."id", "django_content_type"."app_label", "django_content_type"."model" FROM "django_content_type" WHERE ("django_content_type"."app_label" = 'auth' AND "django_content_type"."model" = 'permission'); args=('auth', 'permission')
(0.000) SELECT "django_content_type"."id", "django_content_type"."app_label", "django_content_type"."model" FROM "django_content_type" WHERE ("django_content_type"."app_label" = 'auth' AND "django_content_type"."model" = 'group'); args=('auth', 'group')
(0.000) SELECT "django_content_type"."id", "django_content_type"."app_label", "django_content_type"."model" FROM "django_content_type" WHERE ("django_content_type"."app_label" = 'auth' AND "django_content_type"."model" = 'user'); args=('auth', 'user')
(0.000) SELECT "auth_permission"."content_type_id", "auth_permission"."codename" FROM "auth_permission" INNER JOIN "django_content_type" ON ("auth_permission"."content_type_id" = "django_content_type"."id") WHERE "auth_permission"."content_type_id" IN (2, 3, 4) ORDER BY "django_content_type"."app_label" ASC, "django_content_type"."model" ASC, "auth_permission"."codename" ASC; args=(2, 3, 4)
(0.000) SELECT "django_content_type"."id", "django_content_type"."app_label", "django_content_type"."model" FROM "django_content_type" WHERE "django_content_type"."app_label" = 'auth'; args=('auth',)
(0.000) SELECT "django_content_type"."id", "django_content_type"."app_label", "django_content_type"."model" FROM "django_content_type" WHERE "django_content_type"."app_label" = 'contenttypes'; args=('contenttypes',)
(0.000) SELECT "django_content_type"."id", "django_content_type"."app_label", "django_content_type"."model" FROM "django_content_type" WHERE ("django_content_type"."app_label" = 'contenttypes' AND "django_content_type"."model" = 'contenttype'); args=('contenttypes', 'contenttype')
(0.000) SELECT "auth_permission"."content_type_id", "auth_permission"."codename" FROM "auth_permission" INNER JOIN "django_content_type" ON ("auth_permission"."content_type_id" = "django_content_type"."id") WHERE "auth_permission"."content_type_id" IN (5) ORDER BY "django_content_type"."app_label" ASC, "django_content_type"."model" ASC, "auth_permission"."codename" ASC; args=(5,)
(0.000) SELECT "django_content_type"."id", "django_content_type"."app_label", "django_content_type"."model" FROM "django_content_type" WHERE "django_content_type"."app_label" = 'contenttypes'; args=('contenttypes',)
(0.000) SELECT "django_content_type"."id", "django_content_type"."app_label", "django_content_type"."model" FROM "django_content_type" WHERE "django_content_type"."app_label" = 'sessions'; args=('sessions',)
(0.000) SELECT "django_content_type"."id", "django_content_type"."app_label", "django_content_type"."model" FROM "django_content_type" WHERE ("django_content_type"."app_label" = 'sessions' AND "django_content_type"."model" = 'session'); args=('sessions', 'session')
(0.000) SELECT "auth_permission"."content_type_id", "auth_permission"."codename" FROM "auth_permission" INNER JOIN "django_content_type" ON ("auth_permission"."content_type_id" = "django_content_type"."id") WHERE "auth_permission"."content_type_id" IN (6) ORDER BY "django_content_type"."app_label" ASC, "django_content_type"."model" ASC, "auth_permission"."codename" ASC; args=(6,)
(0.000) SELECT "django_content_type"."id", "django_content_type"."app_label", "django_content_type"."model" FROM "django_content_type" WHERE "django_content_type"."app_label" = 'sessions'; args=('sessions',)
(0.000) SELECT "django_content_type"."id", "django_content_type"."app_label", "django_content_type"."model" FROM "django_content_type" WHERE "django_content_type"."app_label" = 'upload'; args=('upload',)
(0.000) SELECT "django_content_type"."id", "django_content_type"."app_label", "django_content_type"."model" FROM "django_content_type" WHERE ("django_content_type"."app_label" = 'upload' AND "django_content_type"."model" = 'uploadfilemodel'); args=('upload', 'uploadfilemodel')
(0.000) SELECT "auth_permission"."content_type_id", "auth_permission"."codename" FROM "auth_permission" INNER JOIN "django_content_type" ON ("auth_permission"."content_type_id" = "django_content_type"."id") WHERE "auth_permission"."content_type_id" IN (9) ORDER BY "django_content_type"."app_label" ASC, "django_content_type"."model" ASC, "auth_permission"."codename" ASC; args=(9,)
(0.000) SELECT "django_content_type"."id", "django_content_type"."app_label", "django_content_type"."model" FROM "django_content_type" WHERE "django_content_type"."app_label" = 'upload'; args=('upload',)
Watching for file changes with StatReloader
Waiting for apps ready_event.
Apps ready_event triggered. Sending autoreload_started signal.
Watching dir C:\Users\bhs32\Desktop\skynet\MillenniumFilecon\locale with glob **/*.mo.
Watching dir C:\Program Files (x86)\Microsoft Visual Studio\Shared\Python36_64\lib\site-packages\django\contrib\admin\locale with glob **/*.mo.
Watching dir C:\Program Files (x86)\Microsoft Visual Studio\Shared\Python36_64\lib\site-packages\django\contrib\auth\locale with glob **/*.mo.
Watching dir C:\Program Files (x86)\Microsoft Visual Studio\Shared\Python36_64\lib\site-packages\django\contrib\contenttypes\locale with glob **/*.mo.
Watching dir C:\Program Files (x86)\Microsoft Visual Studio\Shared\Python36_64\lib\site-packages\django\contrib\sessions\locale with glob **/*.mo.
Watching dir C:\Program Files (x86)\Microsoft Visual Studio\Shared\Python36_64\lib\site-packages\django\contrib\messages\locale with glob **/*.mo.
Watching dir C:\Program Files (x86)\Microsoft Visual Studio\Shared\Python36_64\lib\site-packages\django\contrib\staticfiles\locale with glob **/*.mo.
Watching dir C:\Program Files (x86)\Microsoft Visual Studio\Shared\Python36_64\lib\site-packages\rest_framework\locale with glob **/*.mo.
Watching dir C:\Users\bhs32\Desktop\skynet\MillenniumFilecon\upload\locale with glob **/*.mo.
(0.001) 
            SELECT name, type FROM sqlite_master
            WHERE type in ('table', 'view') AND NOT name='sqlite_sequence'
            ORDER BY name; args=None
(0.000) SELECT "django_migrations"."app", "django_migrations"."name" FROM "django_migrations"; args=()
"GET /upload/ HTTP/1.1" 200 473
"POST /upload/ HTTP/1.1" 200 533
"POST /upload/ HTTP/1.1" 200 535
"POST /upload/ HTTP/1.1" 200 535
"GET /upload/ HTTP/1.1" 200 473
Exception while resolving variable 'name' in template 'unknown'.
Traceback (most recent call last):
  File "C:\Program Files (x86)\Microsoft Visual Studio\Shared\Python36_64\lib\site-packages\django\core\handlers\exception.py", line 34, in inner
    response = get_response(request)
  File "C:\Program Files (x86)\Microsoft Visual Studio\Shared\Python36_64\lib\site-packages\django\core\handlers\base.py", line 100, in _get_response
    resolver_match = resolver.resolve(request.path_info)
  File "C:\Program Files (x86)\Microsoft Visual Studio\Shared\Python36_64\lib\site-packages\django\urls\resolvers.py", line 558, in resolve
    raise Resolver404({'tried': tried, 'path': new_path})
django.urls.exceptions.Resolver404: {'tried': [[<URLResolver <URLPattern list> (admin:admin) 'admin/'>], [<URLResolver <module 'upload.urls' from 'C:\\Users\\bhs32\\Desktop\\skynet\\MillenniumFilecon\\upload\\urls.py'> (upload:upload) 'upload/'>], [<URLPattern '^media\/(?P<path>.*)$'>]], 'path': ''}

During handling of the above exception, another exception occurred:

Traceback (most recent call last):
  File "C:\Program Files (x86)\Microsoft Visual Studio\Shared\Python36_64\lib\site-packages\django\template\base.py", line 829, in _resolve_lookup
    current = current[bit]
TypeError: 'URLResolver' object is not subscriptable

During handling of the above exception, another exception occurred:

Traceback (most recent call last):
  File "C:\Program Files (x86)\Microsoft Visual Studio\Shared\Python36_64\lib\site-packages\django\template\base.py", line 837, in _resolve_lookup
    current = getattr(current, bit)
AttributeError: 'URLResolver' object has no attribute 'name'

During handling of the above exception, another exception occurred:

Traceback (most recent call last):
  File "C:\Program Files (x86)\Microsoft Visual Studio\Shared\Python36_64\lib\site-packages\django\template\base.py", line 843, in _resolve_lookup
    current = current[int(bit)]
ValueError: invalid literal for int() with base 10: 'name'

During handling of the above exception, another exception occurred:

Traceback (most recent call last):
  File "C:\Program Files (x86)\Microsoft Visual Studio\Shared\Python36_64\lib\site-packages\django\template\base.py", line 850, in _resolve_lookup
    (bit, current))  # missing attribute
django.template.base.VariableDoesNotExist: Failed lookup for key [name] in <URLResolver <URLPattern list> (admin:admin) 'admin/'>
Exception while resolving variable 'name' in template 'unknown'.
Traceback (most recent call last):
  File "C:\Program Files (x86)\Microsoft Visual Studio\Shared\Python36_64\lib\site-packages\django\core\handlers\exception.py", line 34, in inner
    response = get_response(request)
  File "C:\Program Files (x86)\Microsoft Visual Studio\Shared\Python36_64\lib\site-packages\django\core\handlers\base.py", line 100, in _get_response
    resolver_match = resolver.resolve(request.path_info)
  File "C:\Program Files (x86)\Microsoft Visual Studio\Shared\Python36_64\lib\site-packages\django\urls\resolvers.py", line 558, in resolve
    raise Resolver404({'tried': tried, 'path': new_path})
django.urls.exceptions.Resolver404: {'tried': [[<URLResolver <URLPattern list> (admin:admin) 'admin/'>], [<URLResolver <module 'upload.urls' from 'C:\\Users\\bhs32\\Desktop\\skynet\\MillenniumFilecon\\upload\\urls.py'> (upload:upload) 'upload/'>], [<URLPattern '^media\/(?P<path>.*)$'>]], 'path': ''}

During handling of the above exception, another exception occurred:

Traceback (most recent call last):
  File "C:\Program Files (x86)\Microsoft Visual Studio\Shared\Python36_64\lib\site-packages\django\template\base.py", line 829, in _resolve_lookup
    current = current[bit]
TypeError: 'URLResolver' object is not subscriptable

During handling of the above exception, another exception occurred:

Traceback (most recent call last):
  File "C:\Program Files (x86)\Microsoft Visual Studio\Shared\Python36_64\lib\site-packages\django\template\base.py", line 837, in _resolve_lookup
    current = getattr(current, bit)
AttributeError: 'URLResolver' object has no attribute 'name'

During handling of the above exception, another exception occurred:

Traceback (most recent call last):
  File "C:\Program Files (x86)\Microsoft Visual Studio\Shared\Python36_64\lib\site-packages\django\template\base.py", line 843, in _resolve_lookup
    current = current[int(bit)]
ValueError: invalid literal for int() with base 10: 'name'

During handling of the above exception, another exception occurred:

Traceback (most recent call last):
  File "C:\Program Files (x86)\Microsoft Visual Studio\Shared\Python36_64\lib\site-packages\django\template\base.py", line 850, in _resolve_lookup
    (bit, current))  # missing attribute
django.template.base.VariableDoesNotExist: Failed lookup for key [name] in <URLResolver <module 'upload.urls' from 'C:\\Users\\bhs32\\Desktop\\skynet\\MillenniumFilecon\\upload\\urls.py'> (upload:upload) 'upload/'>
Not Found: /
"GET / HTTP/1.1" 404 2166
"GET /upload/ HTTP/1.1" 200 473
"POST /upload/ HTTP/1.1" 200 533
File C:\Users\bhs32\Desktop\skynet\MillenniumFilecon\upload\views.py. is_changed: False, is_new: True
File C:\Users\bhs32\Desktop\skynet\MillenniumFilecon\upload\views.py previous mtime: None, current mtime: 1554296954.2664425
C:\Users\bhs32\Desktop\skynet\MillenniumFilecon\upload\views.py notified as changed. Signal results: [(<function translation_file_changed at 0x00000139D2FB51E0>, None)].
C:\Users\bhs32\Desktop\skynet\MillenniumFilecon\upload\views.py changed, reloading.
Watching for file changes with StatReloader
Waiting for apps ready_event.
Apps ready_event triggered. Sending autoreload_started signal.
Watching dir C:\Users\bhs32\Desktop\skynet\MillenniumFilecon\locale with glob **/*.mo.
Watching dir C:\Program Files (x86)\Microsoft Visual Studio\Shared\Python36_64\lib\site-packages\django\contrib\admin\locale with glob **/*.mo.
Watching dir C:\Program Files (x86)\Microsoft Visual Studio\Shared\Python36_64\lib\site-packages\django\contrib\auth\locale with glob **/*.mo.
Watching dir C:\Program Files (x86)\Microsoft Visual Studio\Shared\Python36_64\lib\site-packages\django\contrib\contenttypes\locale with glob **/*.mo.
Watching dir C:\Program Files (x86)\Microsoft Visual Studio\Shared\Python36_64\lib\site-packages\django\contrib\sessions\locale with glob **/*.mo.
Watching dir C:\Program Files (x86)\Microsoft Visual Studio\Shared\Python36_64\lib\site-packages\django\contrib\messages\locale with glob **/*.mo.
Watching dir C:\Program Files (x86)\Microsoft Visual Studio\Shared\Python36_64\lib\site-packages\django\contrib\staticfiles\locale with glob **/*.mo.
Watching dir C:\Program Files (x86)\Microsoft Visual Studio\Shared\Python36_64\lib\site-packages\rest_framework\locale with glob **/*.mo.
Watching dir C:\Users\bhs32\Desktop\skynet\MillenniumFilecon\upload\locale with glob **/*.mo.
(0.000) 
            SELECT name, type FROM sqlite_master
            WHERE type in ('table', 'view') AND NOT name='sqlite_sequence'
            ORDER BY name; args=None
(0.000) SELECT "django_migrations"."app", "django_migrations"."name" FROM "django_migrations"; args=()
"GET /upload/ HTTP/1.1" 200 473
"POST /upload/ HTTP/1.1" 200 533
(0.015) INSERT INTO "upload_uploadfilemodel" ("title", "file") VALUES ('asdasd', '1Ny68Km.gif'); args=['asdasd', '1Ny68Km.gif']
"POST /upload/ HTTP/1.1" 302 0
Exception while resolving variable 'name' in template 'unknown'.
Traceback (most recent call last):
  File "C:\Program Files (x86)\Microsoft Visual Studio\Shared\Python36_64\lib\site-packages\django\core\handlers\exception.py", line 34, in inner
    response = get_response(request)
  File "C:\Program Files (x86)\Microsoft Visual Studio\Shared\Python36_64\lib\site-packages\django\core\handlers\base.py", line 100, in _get_response
    resolver_match = resolver.resolve(request.path_info)
  File "C:\Program Files (x86)\Microsoft Visual Studio\Shared\Python36_64\lib\site-packages\django\urls\resolvers.py", line 558, in resolve
    raise Resolver404({'tried': tried, 'path': new_path})
django.urls.exceptions.Resolver404: {'tried': [[<URLResolver <URLPattern list> (admin:admin) 'admin/'>], [<URLResolver <module 'upload.urls' from 'C:\\Users\\bhs32\\Desktop\\skynet\\MillenniumFilecon\\upload\\urls.py'> (upload:upload) 'upload/'>], [<URLPattern '^media\/(?P<path>.*)$'>]], 'path': 'success/url/'}

During handling of the above exception, another exception occurred:

Traceback (most recent call last):
  File "C:\Program Files (x86)\Microsoft Visual Studio\Shared\Python36_64\lib\site-packages\django\template\base.py", line 829, in _resolve_lookup
    current = current[bit]
TypeError: 'URLResolver' object is not subscriptable

During handling of the above exception, another exception occurred:

Traceback (most recent call last):
  File "C:\Program Files (x86)\Microsoft Visual Studio\Shared\Python36_64\lib\site-packages\django\template\base.py", line 837, in _resolve_lookup
    current = getattr(current, bit)
AttributeError: 'URLResolver' object has no attribute 'name'

During handling of the above exception, another exception occurred:

Traceback (most recent call last):
  File "C:\Program Files (x86)\Microsoft Visual Studio\Shared\Python36_64\lib\site-packages\django\template\base.py", line 843, in _resolve_lookup
    current = current[int(bit)]
ValueError: invalid literal for int() with base 10: 'name'

During handling of the above exception, another exception occurred:

Traceback (most recent call last):
  File "C:\Program Files (x86)\Microsoft Visual Studio\Shared\Python36_64\lib\site-packages\django\template\base.py", line 850, in _resolve_lookup
    (bit, current))  # missing attribute
django.template.base.VariableDoesNotExist: Failed lookup for key [name] in <URLResolver <URLPattern list> (admin:admin) 'admin/'>
Exception while resolving variable 'name' in template 'unknown'.
Traceback (most recent call last):
  File "C:\Program Files (x86)\Microsoft Visual Studio\Shared\Python36_64\lib\site-packages\django\core\handlers\exception.py", line 34, in inner
    response = get_response(request)
  File "C:\Program Files (x86)\Microsoft Visual Studio\Shared\Python36_64\lib\site-packages\django\core\handlers\base.py", line 100, in _get_response
    resolver_match = resolver.resolve(request.path_info)
  File "C:\Program Files (x86)\Microsoft Visual Studio\Shared\Python36_64\lib\site-packages\django\urls\resolvers.py", line 558, in resolve
    raise Resolver404({'tried': tried, 'path': new_path})
django.urls.exceptions.Resolver404: {'tried': [[<URLResolver <URLPattern list> (admin:admin) 'admin/'>], [<URLResolver <module 'upload.urls' from 'C:\\Users\\bhs32\\Desktop\\skynet\\MillenniumFilecon\\upload\\urls.py'> (upload:upload) 'upload/'>], [<URLPattern '^media\/(?P<path>.*)$'>]], 'path': 'success/url/'}

During handling of the above exception, another exception occurred:

Traceback (most recent call last):
  File "C:\Program Files (x86)\Microsoft Visual Studio\Shared\Python36_64\lib\site-packages\django\template\base.py", line 829, in _resolve_lookup
    current = current[bit]
TypeError: 'URLResolver' object is not subscriptable

During handling of the above exception, another exception occurred:

Traceback (most recent call last):
  File "C:\Program Files (x86)\Microsoft Visual Studio\Shared\Python36_64\lib\site-packages\django\template\base.py", line 837, in _resolve_lookup
    current = getattr(current, bit)
AttributeError: 'URLResolver' object has no attribute 'name'

During handling of the above exception, another exception occurred:

Traceback (most recent call last):
  File "C:\Program Files (x86)\Microsoft Visual Studio\Shared\Python36_64\lib\site-packages\django\template\base.py", line 843, in _resolve_lookup
    current = current[int(bit)]
ValueError: invalid literal for int() with base 10: 'name'

During handling of the above exception, another exception occurred:

Traceback (most recent call last):
  File "C:\Program Files (x86)\Microsoft Visual Studio\Shared\Python36_64\lib\site-packages\django\template\base.py", line 850, in _resolve_lookup
    (bit, current))  # missing attribute
django.template.base.VariableDoesNotExist: Failed lookup for key [name] in <URLResolver <module 'upload.urls' from 'C:\\Users\\bhs32\\Desktop\\skynet\\MillenniumFilecon\\upload\\urls.py'> (upload:upload) 'upload/'>
Not Found: /success/url/
"GET /success/url/ HTTP/1.1" 404 2220
File C:\Users\bhs32\Desktop\skynet\MillenniumFilecon\upload\views.py. is_changed: False, is_new: True
File C:\Users\bhs32\Desktop\skynet\MillenniumFilecon\upload\views.py previous mtime: None, current mtime: 1554296984.3849683
C:\Users\bhs32\Desktop\skynet\MillenniumFilecon\upload\views.py notified as changed. Signal results: [(<function translation_file_changed at 0x0000022A728451E0>, None)].
C:\Users\bhs32\Desktop\skynet\MillenniumFilecon\upload\views.py changed, reloading.
Watching for file changes with StatReloader
Waiting for apps ready_event.
Apps ready_event triggered. Sending autoreload_started signal.
Watching dir C:\Users\bhs32\Desktop\skynet\MillenniumFilecon\locale with glob **/*.mo.
Watching dir C:\Program Files (x86)\Microsoft Visual Studio\Shared\Python36_64\lib\site-packages\django\contrib\admin\locale with glob **/*.mo.
Watching dir C:\Program Files (x86)\Microsoft Visual Studio\Shared\Python36_64\lib\site-packages\django\contrib\auth\locale with glob **/*.mo.
Watching dir C:\Program Files (x86)\Microsoft Visual Studio\Shared\Python36_64\lib\site-packages\django\contrib\contenttypes\locale with glob **/*.mo.
Watching dir C:\Program Files (x86)\Microsoft Visual Studio\Shared\Python36_64\lib\site-packages\django\contrib\sessions\locale with glob **/*.mo.
Watching dir C:\Program Files (x86)\Microsoft Visual Studio\Shared\Python36_64\lib\site-packages\django\contrib\messages\locale with glob **/*.mo.
Watching dir C:\Program Files (x86)\Microsoft Visual Studio\Shared\Python36_64\lib\site-packages\django\contrib\staticfiles\locale with glob **/*.mo.
Watching dir C:\Program Files (x86)\Microsoft Visual Studio\Shared\Python36_64\lib\site-packages\rest_framework\locale with glob **/*.mo.
Watching dir C:\Users\bhs32\Desktop\skynet\MillenniumFilecon\upload\locale with glob **/*.mo.
(0.001) 
            SELECT name, type FROM sqlite_master
            WHERE type in ('table', 'view') AND NOT name='sqlite_sequence'
            ORDER BY name; args=None
(0.000) SELECT "django_migrations"."app", "django_migrations"."name" FROM "django_migrations"; args=()
File C:\Users\bhs32\Desktop\skynet\MillenniumFilecon\upload\models.py. is_changed: False, is_new: True
File C:\Users\bhs32\Desktop\skynet\MillenniumFilecon\upload\models.py previous mtime: None, current mtime: 1554297023.5881422
C:\Users\bhs32\Desktop\skynet\MillenniumFilecon\upload\models.py notified as changed. Signal results: [(<function translation_file_changed at 0x00000191B98F51E0>, None)].
C:\Users\bhs32\Desktop\skynet\MillenniumFilecon\upload\models.py changed, reloading.
Watching for file changes with StatReloader
Waiting for apps ready_event.
Apps ready_event triggered. Sending autoreload_started signal.
Watching dir C:\Users\bhs32\Desktop\skynet\MillenniumFilecon\locale with glob **/*.mo.
Watching dir C:\Program Files (x86)\Microsoft Visual Studio\Shared\Python36_64\lib\site-packages\django\contrib\admin\locale with glob **/*.mo.
Watching dir C:\Program Files (x86)\Microsoft Visual Studio\Shared\Python36_64\lib\site-packages\django\contrib\auth\locale with glob **/*.mo.
Watching dir C:\Program Files (x86)\Microsoft Visual Studio\Shared\Python36_64\lib\site-packages\django\contrib\contenttypes\locale with glob **/*.mo.
Watching dir C:\Program Files (x86)\Microsoft Visual Studio\Shared\Python36_64\lib\site-packages\django\contrib\sessions\locale with glob **/*.mo.
Watching dir C:\Program Files (x86)\Microsoft Visual Studio\Shared\Python36_64\lib\site-packages\django\contrib\messages\locale with glob **/*.mo.
Watching dir C:\Program Files (x86)\Microsoft Visual Studio\Shared\Python36_64\lib\site-packages\django\contrib\staticfiles\locale with glob **/*.mo.
Watching dir C:\Program Files (x86)\Microsoft Visual Studio\Shared\Python36_64\lib\site-packages\rest_framework\locale with glob **/*.mo.
Watching dir C:\Users\bhs32\Desktop\skynet\MillenniumFilecon\upload\locale with glob **/*.mo.
(0.000) 
            SELECT name, type FROM sqlite_master
            WHERE type in ('table', 'view') AND NOT name='sqlite_sequence'
            ORDER BY name; args=None
(0.000) SELECT "django_migrations"."app", "django_migrations"."name" FROM "django_migrations"; args=()
"POST /upload/ HTTP/1.1" 200 533
"POST /upload/ HTTP/1.1" 200 533
(0.013) INSERT INTO "upload_uploadfilemodel" ("title", "file") VALUES ('asdasd', '1Ny68Km.gif'); args=['asdasd', '1Ny68Km.gif']
"POST /upload/ HTTP/1.1" 200 479
(0.008) INSERT INTO "upload_uploadfilemodel" ("title", "file") VALUES ('asdasd', '1Ny68Km_5kYiZo3.gif'); args=['asdasd', '1Ny68Km_5kYiZo3.gif']
"POST /upload/ HTTP/1.1" 200 479
File C:\Users\bhs32\Desktop\skynet\MillenniumFilecon\upload\forms.py. is_changed: False, is_new: True
File C:\Users\bhs32\Desktop\skynet\MillenniumFilecon\upload\forms.py previous mtime: None, current mtime: 1554297183.7684588
C:\Users\bhs32\Desktop\skynet\MillenniumFilecon\upload\forms.py notified as changed. Signal results: [(<function translation_file_changed at 0x00000185E6BF51E0>, None)].
C:\Users\bhs32\Desktop\skynet\MillenniumFilecon\upload\forms.py changed, reloading.
Watching for file changes with StatReloader
Waiting for apps ready_event.
Watching for file changes with StatReloader
Waiting for apps ready_event.
(0.000) 
            SELECT name, type FROM sqlite_master
            WHERE type in ('table', 'view') AND NOT name='sqlite_sequence'
            ORDER BY name; args=None
(0.000) SELECT "django_migrations"."app", "django_migrations"."name" FROM "django_migrations"; args=()
Watching for file changes with StatReloader
Waiting for apps ready_event.
(0.000) 
            SELECT name, type FROM sqlite_master
            WHERE type in ('table', 'view') AND NOT name='sqlite_sequence'
            ORDER BY name; args=None
(0.000) SELECT "django_migrations"."app", "django_migrations"."name" FROM "django_migrations"; args=()
(0.001) 
            SELECT name, type FROM sqlite_master
            WHERE type in ('table', 'view') AND NOT name='sqlite_sequence'
            ORDER BY name; args=None
(0.001) SELECT "django_migrations"."app", "django_migrations"."name" FROM "django_migrations"; args=()
(0.000) 
            SELECT name, type FROM sqlite_master
            WHERE type in ('table', 'view') AND NOT name='sqlite_sequence'
            ORDER BY name; args=None
(0.000) SELECT "django_migrations"."app", "django_migrations"."name" FROM "django_migrations"; args=()
(0.000) 
            SELECT name, type FROM sqlite_master
            WHERE type in ('table', 'view') AND NOT name='sqlite_sequence'
            ORDER BY name; args=None
(0.000) PRAGMA foreign_keys = OFF; args=None
(0.000) PRAGMA foreign_keys; args=None
(0.000) BEGIN; args=None
CREATE TABLE "new__upload_uploadfilemodel" ("id" integer NOT NULL PRIMARY KEY AUTOINCREMENT, "title" text NOT NULL, "file" varchar(100) NOT NULL); (params None)
(0.000) CREATE TABLE "new__upload_uploadfilemodel" ("id" integer NOT NULL PRIMARY KEY AUTOINCREMENT, "title" text NOT NULL, "file" varchar(100) NOT NULL); args=None
INSERT INTO "new__upload_uploadfilemodel" ("id", "title", "file") SELECT "id", "title", coalesce("file", '') FROM "upload_uploadfilemodel"; (params ())
(0.000) INSERT INTO "new__upload_uploadfilemodel" ("id", "title", "file") SELECT "id", "title", coalesce("file", '') FROM "upload_uploadfilemodel"; args=()
DROP TABLE "upload_uploadfilemodel"; (params ())
(0.000) DROP TABLE "upload_uploadfilemodel"; args=()
ALTER TABLE "new__upload_uploadfilemodel" RENAME TO "upload_uploadfilemodel"; (params ())
(0.000) ALTER TABLE "new__upload_uploadfilemodel" RENAME TO "upload_uploadfilemodel"; args=()
CREATE TABLE "new__upload_uploadfilemodel" ("id" integer NOT NULL PRIMARY KEY AUTOINCREMENT, "file" varchar(100) NOT NULL, "title" text NULL); (params None)
(0.000) CREATE TABLE "new__upload_uploadfilemodel" ("id" integer NOT NULL PRIMARY KEY AUTOINCREMENT, "file" varchar(100) NOT NULL, "title" text NULL); args=None
INSERT INTO "new__upload_uploadfilemodel" ("id", "file", "title") SELECT "id", "file", "title" FROM "upload_uploadfilemodel"; (params ())
(0.000) INSERT INTO "new__upload_uploadfilemodel" ("id", "file", "title") SELECT "id", "file", "title" FROM "upload_uploadfilemodel"; args=()
DROP TABLE "upload_uploadfilemodel"; (params ())
(0.000) DROP TABLE "upload_uploadfilemodel"; args=()
ALTER TABLE "new__upload_uploadfilemodel" RENAME TO "upload_uploadfilemodel"; (params ())
(0.000) ALTER TABLE "new__upload_uploadfilemodel" RENAME TO "upload_uploadfilemodel"; args=()
(0.000) 
            SELECT name, type FROM sqlite_master
            WHERE type in ('table', 'view') AND NOT name='sqlite_sequence'
            ORDER BY name; args=None
(0.000) INSERT INTO "django_migrations" ("app", "name", "applied") VALUES ('upload', '0011_auto_20190403_2214', '2019-04-03 13:14:53.758426'); args=['upload', '0011_auto_20190403_2214', '2019-04-03 13:14:53.758426']
(0.000) PRAGMA foreign_key_check; args=None
(0.000) PRAGMA foreign_keys = ON; args=None
(0.000) 
            SELECT name, type FROM sqlite_master
            WHERE type in ('table', 'view') AND NOT name='sqlite_sequence'
            ORDER BY name; args=None
(0.000) SELECT "django_migrations"."app", "django_migrations"."name" FROM "django_migrations"; args=()
(0.000) SELECT "django_content_type"."id", "django_content_type"."app_label", "django_content_type"."model" FROM "django_content_type" WHERE "django_content_type"."app_label" = 'admin'; args=('admin',)
(0.000) SELECT "django_content_type"."id", "django_content_type"."app_label", "django_content_type"."model" FROM "django_content_type" WHERE ("django_content_type"."app_label" = 'admin' AND "django_content_type"."model" = 'logentry'); args=('admin', 'logentry')
(0.000) SELECT "auth_permission"."content_type_id", "auth_permission"."codename" FROM "auth_permission" INNER JOIN "django_content_type" ON ("auth_permission"."content_type_id" = "django_content_type"."id") WHERE "auth_permission"."content_type_id" IN (1) ORDER BY "django_content_type"."app_label" ASC, "django_content_type"."model" ASC, "auth_permission"."codename" ASC; args=(1,)
(0.000) SELECT "django_content_type"."id", "django_content_type"."app_label", "django_content_type"."model" FROM "django_content_type" WHERE "django_content_type"."app_label" = 'admin'; args=('admin',)
(0.000) SELECT "django_content_type"."id", "django_content_type"."app_label", "django_content_type"."model" FROM "django_content_type" WHERE "django_content_type"."app_label" = 'auth'; args=('auth',)
(0.000) SELECT "django_content_type"."id", "django_content_type"."app_label", "django_content_type"."model" FROM "django_content_type" WHERE ("django_content_type"."app_label" = 'auth' AND "django_content_type"."model" = 'permission'); args=('auth', 'permission')
(0.000) SELECT "django_content_type"."id", "django_content_type"."app_label", "django_content_type"."model" FROM "django_content_type" WHERE ("django_content_type"."app_label" = 'auth' AND "django_content_type"."model" = 'group'); args=('auth', 'group')
(0.000) SELECT "django_content_type"."id", "django_content_type"."app_label", "django_content_type"."model" FROM "django_content_type" WHERE ("django_content_type"."app_label" = 'auth' AND "django_content_type"."model" = 'user'); args=('auth', 'user')
(0.001) SELECT "auth_permission"."content_type_id", "auth_permission"."codename" FROM "auth_permission" INNER JOIN "django_content_type" ON ("auth_permission"."content_type_id" = "django_content_type"."id") WHERE "auth_permission"."content_type_id" IN (2, 3, 4) ORDER BY "django_content_type"."app_label" ASC, "django_content_type"."model" ASC, "auth_permission"."codename" ASC; args=(2, 3, 4)
(0.000) SELECT "django_content_type"."id", "django_content_type"."app_label", "django_content_type"."model" FROM "django_content_type" WHERE "django_content_type"."app_label" = 'auth'; args=('auth',)
(0.000) SELECT "django_content_type"."id", "django_content_type"."app_label", "django_content_type"."model" FROM "django_content_type" WHERE "django_content_type"."app_label" = 'contenttypes'; args=('contenttypes',)
(0.001) SELECT "django_content_type"."id", "django_content_type"."app_label", "django_content_type"."model" FROM "django_content_type" WHERE ("django_content_type"."app_label" = 'contenttypes' AND "django_content_type"."model" = 'contenttype'); args=('contenttypes', 'contenttype')
(0.000) SELECT "auth_permission"."content_type_id", "auth_permission"."codename" FROM "auth_permission" INNER JOIN "django_content_type" ON ("auth_permission"."content_type_id" = "django_content_type"."id") WHERE "auth_permission"."content_type_id" IN (5) ORDER BY "django_content_type"."app_label" ASC, "django_content_type"."model" ASC, "auth_permission"."codename" ASC; args=(5,)
(0.000) SELECT "django_content_type"."id", "django_content_type"."app_label", "django_content_type"."model" FROM "django_content_type" WHERE "django_content_type"."app_label" = 'contenttypes'; args=('contenttypes',)
(0.000) SELECT "django_content_type"."id", "django_content_type"."app_label", "django_content_type"."model" FROM "django_content_type" WHERE "django_content_type"."app_label" = 'sessions'; args=('sessions',)
(0.000) SELECT "django_content_type"."id", "django_content_type"."app_label", "django_content_type"."model" FROM "django_content_type" WHERE ("django_content_type"."app_label" = 'sessions' AND "django_content_type"."model" = 'session'); args=('sessions', 'session')
(0.000) SELECT "auth_permission"."content_type_id", "auth_permission"."codename" FROM "auth_permission" INNER JOIN "django_content_type" ON ("auth_permission"."content_type_id" = "django_content_type"."id") WHERE "auth_permission"."content_type_id" IN (6) ORDER BY "django_content_type"."app_label" ASC, "django_content_type"."model" ASC, "auth_permission"."codename" ASC; args=(6,)
(0.001) SELECT "django_content_type"."id", "django_content_type"."app_label", "django_content_type"."model" FROM "django_content_type" WHERE "django_content_type"."app_label" = 'sessions'; args=('sessions',)
(0.000) SELECT "django_content_type"."id", "django_content_type"."app_label", "django_content_type"."model" FROM "django_content_type" WHERE "django_content_type"."app_label" = 'upload'; args=('upload',)
(0.000) SELECT "django_content_type"."id", "django_content_type"."app_label", "django_content_type"."model" FROM "django_content_type" WHERE ("django_content_type"."app_label" = 'upload' AND "django_content_type"."model" = 'uploadfilemodel'); args=('upload', 'uploadfilemodel')
(0.001) SELECT "auth_permission"."content_type_id", "auth_permission"."codename" FROM "auth_permission" INNER JOIN "django_content_type" ON ("auth_permission"."content_type_id" = "django_content_type"."id") WHERE "auth_permission"."content_type_id" IN (9) ORDER BY "django_content_type"."app_label" ASC, "django_content_type"."model" ASC, "auth_permission"."codename" ASC; args=(9,)
(0.000) SELECT "django_content_type"."id", "django_content_type"."app_label", "django_content_type"."model" FROM "django_content_type" WHERE "django_content_type"."app_label" = 'upload'; args=('upload',)
Watching for file changes with StatReloader
Waiting for apps ready_event.
Apps ready_event triggered. Sending autoreload_started signal.
Watching dir C:\Users\bhs32\Desktop\skynet\MillenniumFilecon\locale with glob **/*.mo.
Watching dir C:\Program Files (x86)\Microsoft Visual Studio\Shared\Python36_64\lib\site-packages\django\contrib\admin\locale with glob **/*.mo.
Watching dir C:\Program Files (x86)\Microsoft Visual Studio\Shared\Python36_64\lib\site-packages\django\contrib\auth\locale with glob **/*.mo.
Watching dir C:\Program Files (x86)\Microsoft Visual Studio\Shared\Python36_64\lib\site-packages\django\contrib\contenttypes\locale with glob **/*.mo.
Watching dir C:\Program Files (x86)\Microsoft Visual Studio\Shared\Python36_64\lib\site-packages\django\contrib\sessions\locale with glob **/*.mo.
Watching dir C:\Program Files (x86)\Microsoft Visual Studio\Shared\Python36_64\lib\site-packages\django\contrib\messages\locale with glob **/*.mo.
Watching dir C:\Program Files (x86)\Microsoft Visual Studio\Shared\Python36_64\lib\site-packages\django\contrib\staticfiles\locale with glob **/*.mo.
Watching dir C:\Program Files (x86)\Microsoft Visual Studio\Shared\Python36_64\lib\site-packages\rest_framework\locale with glob **/*.mo.
Watching dir C:\Users\bhs32\Desktop\skynet\MillenniumFilecon\upload\locale with glob **/*.mo.
(0.001) 
            SELECT name, type FROM sqlite_master
            WHERE type in ('table', 'view') AND NOT name='sqlite_sequence'
            ORDER BY name; args=None
(0.001) SELECT "django_migrations"."app", "django_migrations"."name" FROM "django_migrations"; args=()
"GET /upload/ HTTP/1.1" 200 350
Watching for file changes with StatReloader
Waiting for apps ready_event.
Apps ready_event triggered. Sending autoreload_started signal.
Watching dir C:\Users\user\Desktop\범수자료\MillenniumFilecon\locale with glob **/*.mo.
Watching dir C:\Users\user\AppData\Local\Programs\Python\Python37-32\lib\site-packages\django\contrib\admin\locale with glob **/*.mo.
Watching dir C:\Users\user\AppData\Local\Programs\Python\Python37-32\lib\site-packages\django\contrib\auth\locale with glob **/*.mo.
Watching dir C:\Users\user\AppData\Local\Programs\Python\Python37-32\lib\site-packages\django\contrib\contenttypes\locale with glob **/*.mo.
Watching dir C:\Users\user\AppData\Local\Programs\Python\Python37-32\lib\site-packages\django\contrib\sessions\locale with glob **/*.mo.
Watching dir C:\Users\user\AppData\Local\Programs\Python\Python37-32\lib\site-packages\django\contrib\messages\locale with glob **/*.mo.
Watching dir C:\Users\user\AppData\Local\Programs\Python\Python37-32\lib\site-packages\django\contrib\staticfiles\locale with glob **/*.mo.
Watching dir C:\Users\user\AppData\Local\Programs\Python\Python37-32\lib\site-packages\rest_framework\locale with glob **/*.mo.
Watching dir C:\Users\user\Desktop\범수자료\MillenniumFilecon\upload\locale with glob **/*.mo.
(0.000) 
            SELECT name, type FROM sqlite_master
            WHERE type in ('table', 'view') AND NOT name='sqlite_sequence'
            ORDER BY name; args=None
(0.000) SELECT "django_migrations"."app", "django_migrations"."name" FROM "django_migrations"; args=()
"GET /upload HTTP/1.1" 301 0
"GET /upload/ HTTP/1.1" 200 350
(0.016) INSERT INTO "upload_uploadfilemodel" ("title", "file") VALUES ('', ''); args=['', '']
"POST /upload/ HTTP/1.1" 200 350
(0.011) INSERT INTO "upload_uploadfilemodel" ("title", "file") VALUES ('', '1_1_7_.PNG'); args=['', '1_1_7_.PNG']
"POST /upload/ HTTP/1.1" 200 350
(0.013) INSERT INTO "upload_uploadfilemodel" ("title", "file") VALUES ('', '1_1_7__2P7u9xw.PNG'); args=['', '1_1_7__2P7u9xw.PNG']
"POST /upload/ HTTP/1.1" 200 350
File C:\Users\user\Desktop\범수자료\MillenniumFilecon\upload\views.py. is_changed: False, is_new: True
File C:\Users\user\Desktop\범수자료\MillenniumFilecon\upload\views.py previous mtime: None, current mtime: 1554307427.8852763
C:\Users\user\Desktop\범수자료\MillenniumFilecon\upload\views.py notified as changed. Signal results: [(<function translation_file_changed at 0x03E46978>, None)].
C:\Users\user\Desktop\범수자료\MillenniumFilecon\upload\views.py changed, reloading.
Watching for file changes with StatReloader
Waiting for apps ready_event.
(0.000) 
            SELECT name, type FROM sqlite_master
            WHERE type in ('table', 'view') AND NOT name='sqlite_sequence'
            ORDER BY name; args=None
(0.000) SELECT "django_migrations"."app", "django_migrations"."name" FROM "django_migrations"; args=()
(0.007) 
            SELECT name, type FROM sqlite_master
            WHERE type in ('table', 'view') AND NOT name='sqlite_sequence'
            ORDER BY name; args=None
(0.000) SELECT "django_migrations"."app", "django_migrations"."name" FROM "django_migrations"; args=()
(0.000) 
            SELECT name, type FROM sqlite_master
            WHERE type in ('table', 'view') AND NOT name='sqlite_sequence'
            ORDER BY name; args=None
(0.000) SELECT "django_migrations"."app", "django_migrations"."name" FROM "django_migrations"; args=()
(0.000) 
            SELECT name, type FROM sqlite_master
            WHERE type in ('table', 'view') AND NOT name='sqlite_sequence'
            ORDER BY name; args=None
(0.000) 
            SELECT name, type FROM sqlite_master
            WHERE type in ('table', 'view') AND NOT name='sqlite_sequence'
            ORDER BY name; args=None
(0.000) SELECT "django_migrations"."app", "django_migrations"."name" FROM "django_migrations"; args=()
(0.016) SELECT "django_content_type"."id", "django_content_type"."app_label", "django_content_type"."model" FROM "django_content_type" WHERE "django_content_type"."app_label" = 'admin'; args=('admin',)
(0.000) SELECT "django_content_type"."id", "django_content_type"."app_label", "django_content_type"."model" FROM "django_content_type" WHERE ("django_content_type"."app_label" = 'admin' AND "django_content_type"."model" = 'logentry'); args=('admin', 'logentry')
(0.000) SELECT "auth_permission"."content_type_id", "auth_permission"."codename" FROM "auth_permission" INNER JOIN "django_content_type" ON ("auth_permission"."content_type_id" = "django_content_type"."id") WHERE "auth_permission"."content_type_id" IN (1) ORDER BY "django_content_type"."app_label" ASC, "django_content_type"."model" ASC, "auth_permission"."codename" ASC; args=(1,)
(0.000) SELECT "django_content_type"."id", "django_content_type"."app_label", "django_content_type"."model" FROM "django_content_type" WHERE "django_content_type"."app_label" = 'admin'; args=('admin',)
(0.000) SELECT "django_content_type"."id", "django_content_type"."app_label", "django_content_type"."model" FROM "django_content_type" WHERE "django_content_type"."app_label" = 'auth'; args=('auth',)
(0.000) SELECT "django_content_type"."id", "django_content_type"."app_label", "django_content_type"."model" FROM "django_content_type" WHERE ("django_content_type"."app_label" = 'auth' AND "django_content_type"."model" = 'permission'); args=('auth', 'permission')
(0.000) SELECT "django_content_type"."id", "django_content_type"."app_label", "django_content_type"."model" FROM "django_content_type" WHERE ("django_content_type"."app_label" = 'auth' AND "django_content_type"."model" = 'group'); args=('auth', 'group')
(0.000) SELECT "django_content_type"."id", "django_content_type"."app_label", "django_content_type"."model" FROM "django_content_type" WHERE ("django_content_type"."app_label" = 'auth' AND "django_content_type"."model" = 'user'); args=('auth', 'user')
(0.000) SELECT "auth_permission"."content_type_id", "auth_permission"."codename" FROM "auth_permission" INNER JOIN "django_content_type" ON ("auth_permission"."content_type_id" = "django_content_type"."id") WHERE "auth_permission"."content_type_id" IN (2, 3, 4) ORDER BY "django_content_type"."app_label" ASC, "django_content_type"."model" ASC, "auth_permission"."codename" ASC; args=(2, 3, 4)
(0.000) SELECT "django_content_type"."id", "django_content_type"."app_label", "django_content_type"."model" FROM "django_content_type" WHERE "django_content_type"."app_label" = 'auth'; args=('auth',)
(0.000) SELECT "django_content_type"."id", "django_content_type"."app_label", "django_content_type"."model" FROM "django_content_type" WHERE "django_content_type"."app_label" = 'contenttypes'; args=('contenttypes',)
(0.000) SELECT "django_content_type"."id", "django_content_type"."app_label", "django_content_type"."model" FROM "django_content_type" WHERE ("django_content_type"."app_label" = 'contenttypes' AND "django_content_type"."model" = 'contenttype'); args=('contenttypes', 'contenttype')
(0.000) SELECT "auth_permission"."content_type_id", "auth_permission"."codename" FROM "auth_permission" INNER JOIN "django_content_type" ON ("auth_permission"."content_type_id" = "django_content_type"."id") WHERE "auth_permission"."content_type_id" IN (5) ORDER BY "django_content_type"."app_label" ASC, "django_content_type"."model" ASC, "auth_permission"."codename" ASC; args=(5,)
(0.000) SELECT "django_content_type"."id", "django_content_type"."app_label", "django_content_type"."model" FROM "django_content_type" WHERE "django_content_type"."app_label" = 'contenttypes'; args=('contenttypes',)
(0.000) SELECT "django_content_type"."id", "django_content_type"."app_label", "django_content_type"."model" FROM "django_content_type" WHERE "django_content_type"."app_label" = 'sessions'; args=('sessions',)
(0.000) SELECT "django_content_type"."id", "django_content_type"."app_label", "django_content_type"."model" FROM "django_content_type" WHERE ("django_content_type"."app_label" = 'sessions' AND "django_content_type"."model" = 'session'); args=('sessions', 'session')
(0.000) SELECT "auth_permission"."content_type_id", "auth_permission"."codename" FROM "auth_permission" INNER JOIN "django_content_type" ON ("auth_permission"."content_type_id" = "django_content_type"."id") WHERE "auth_permission"."content_type_id" IN (6) ORDER BY "django_content_type"."app_label" ASC, "django_content_type"."model" ASC, "auth_permission"."codename" ASC; args=(6,)
(0.000) SELECT "django_content_type"."id", "django_content_type"."app_label", "django_content_type"."model" FROM "django_content_type" WHERE "django_content_type"."app_label" = 'sessions'; args=('sessions',)
(0.000) SELECT "django_content_type"."id", "django_content_type"."app_label", "django_content_type"."model" FROM "django_content_type" WHERE "django_content_type"."app_label" = 'upload'; args=('upload',)
(0.000) SELECT "django_content_type"."id", "django_content_type"."app_label", "django_content_type"."model" FROM "django_content_type" WHERE ("django_content_type"."app_label" = 'upload' AND "django_content_type"."model" = 'uploadfilemodel'); args=('upload', 'uploadfilemodel')
(0.000) SELECT "auth_permission"."content_type_id", "auth_permission"."codename" FROM "auth_permission" INNER JOIN "django_content_type" ON ("auth_permission"."content_type_id" = "django_content_type"."id") WHERE "auth_permission"."content_type_id" IN (9) ORDER BY "django_content_type"."app_label" ASC, "django_content_type"."model" ASC, "auth_permission"."codename" ASC; args=(9,)
(0.000) SELECT "django_content_type"."id", "django_content_type"."app_label", "django_content_type"."model" FROM "django_content_type" WHERE "django_content_type"."app_label" = 'upload'; args=('upload',)
Watching for file changes with StatReloader
Waiting for apps ready_event.
Apps ready_event triggered. Sending autoreload_started signal.
Watching dir C:\Users\user\Desktop\범수자료\MillenniumFilecon\locale with glob **/*.mo.
Watching dir C:\Users\user\AppData\Local\Programs\Python\Python37-32\lib\site-packages\django\contrib\admin\locale with glob **/*.mo.
Watching dir C:\Users\user\AppData\Local\Programs\Python\Python37-32\lib\site-packages\django\contrib\auth\locale with glob **/*.mo.
Watching dir C:\Users\user\AppData\Local\Programs\Python\Python37-32\lib\site-packages\django\contrib\contenttypes\locale with glob **/*.mo.
Watching dir C:\Users\user\AppData\Local\Programs\Python\Python37-32\lib\site-packages\django\contrib\sessions\locale with glob **/*.mo.
Watching dir C:\Users\user\AppData\Local\Programs\Python\Python37-32\lib\site-packages\django\contrib\messages\locale with glob **/*.mo.
Watching dir C:\Users\user\AppData\Local\Programs\Python\Python37-32\lib\site-packages\django\contrib\staticfiles\locale with glob **/*.mo.
Watching dir C:\Users\user\AppData\Local\Programs\Python\Python37-32\lib\site-packages\rest_framework\locale with glob **/*.mo.
Watching dir C:\Users\user\Desktop\범수자료\MillenniumFilecon\upload\locale with glob **/*.mo.
(0.000) 
            SELECT name, type FROM sqlite_master
            WHERE type in ('table', 'view') AND NOT name='sqlite_sequence'
            ORDER BY name; args=None
(0.000) SELECT "django_migrations"."app", "django_migrations"."name" FROM "django_migrations"; args=()
"GET /upload/ HTTP/1.1" 200 350
Watching for file changes with StatReloader
Waiting for apps ready_event.
Apps ready_event triggered. Sending autoreload_started signal.
Watching dir C:\Users\user\Desktop\범수자료\MillenniumFilecon\locale with glob **/*.mo.
Watching dir C:\Users\user\AppData\Local\Programs\Python\Python37-32\lib\site-packages\django\contrib\admin\locale with glob **/*.mo.
Watching dir C:\Users\user\AppData\Local\Programs\Python\Python37-32\lib\site-packages\django\contrib\auth\locale with glob **/*.mo.
Watching dir C:\Users\user\AppData\Local\Programs\Python\Python37-32\lib\site-packages\django\contrib\contenttypes\locale with glob **/*.mo.
Watching dir C:\Users\user\AppData\Local\Programs\Python\Python37-32\lib\site-packages\django\contrib\sessions\locale with glob **/*.mo.
Watching dir C:\Users\user\AppData\Local\Programs\Python\Python37-32\lib\site-packages\django\contrib\messages\locale with glob **/*.mo.
Watching dir C:\Users\user\AppData\Local\Programs\Python\Python37-32\lib\site-packages\django\contrib\staticfiles\locale with glob **/*.mo.
Watching dir C:\Users\user\AppData\Local\Programs\Python\Python37-32\lib\site-packages\rest_framework\locale with glob **/*.mo.
Watching dir C:\Users\user\Desktop\범수자료\MillenniumFilecon\upload\locale with glob **/*.mo.
(0.001) 
            SELECT name, type FROM sqlite_master
            WHERE type in ('table', 'view') AND NOT name='sqlite_sequence'
            ORDER BY name; args=None
(0.000) SELECT "django_migrations"."app", "django_migrations"."name" FROM "django_migrations"; args=()
(0.016) 
            SELECT name, type FROM sqlite_master
            WHERE type in ('table', 'view') AND NOT name='sqlite_sequence'
            ORDER BY name; args=None
(0.000) SELECT "django_migrations"."app", "django_migrations"."name" FROM "django_migrations"; args=()
(0.000) 
            SELECT name, type FROM sqlite_master
            WHERE type in ('table', 'view') AND NOT name='sqlite_sequence'
            ORDER BY name; args=None
(0.000) SELECT "django_migrations"."app", "django_migrations"."name" FROM "django_migrations"; args=()
(0.000) 
            SELECT name, type FROM sqlite_master
            WHERE type in ('table', 'view') AND NOT name='sqlite_sequence'
            ORDER BY name; args=None
(0.000) SELECT "django_migrations"."app", "django_migrations"."name" FROM "django_migrations"; args=()
(0.000) 
            SELECT name, type FROM sqlite_master
            WHERE type in ('table', 'view') AND NOT name='sqlite_sequence'
            ORDER BY name; args=None
(0.000) PRAGMA foreign_keys = OFF; args=None
(0.000) PRAGMA foreign_keys; args=None
(0.000) BEGIN; args=None
CREATE TABLE "new__upload_uploadfilemodel" ("id" integer NOT NULL PRIMARY KEY AUTOINCREMENT, "title" text NULL, "file" varchar(100) NOT NULL); (params None)
(0.016) CREATE TABLE "new__upload_uploadfilemodel" ("id" integer NOT NULL PRIMARY KEY AUTOINCREMENT, "title" text NULL, "file" varchar(100) NOT NULL); args=None
INSERT INTO "new__upload_uploadfilemodel" ("id", "title", "file") SELECT "id", "title", "file" FROM "upload_uploadfilemodel"; (params ())
(0.000) INSERT INTO "new__upload_uploadfilemodel" ("id", "title", "file") SELECT "id", "title", "file" FROM "upload_uploadfilemodel"; args=()
DROP TABLE "upload_uploadfilemodel"; (params ())
(0.000) DROP TABLE "upload_uploadfilemodel"; args=()
ALTER TABLE "new__upload_uploadfilemodel" RENAME TO "upload_uploadfilemodel"; (params ())
(0.000) ALTER TABLE "new__upload_uploadfilemodel" RENAME TO "upload_uploadfilemodel"; args=()
(0.000) 
            SELECT name, type FROM sqlite_master
            WHERE type in ('table', 'view') AND NOT name='sqlite_sequence'
            ORDER BY name; args=None
(0.000) INSERT INTO "django_migrations" ("app", "name", "applied") VALUES ('upload', '0012_auto_20190404_0127', '2019-04-03 16:27:24.382404'); args=['upload', '0012_auto_20190404_0127', '2019-04-03 16:27:24.382404']
(0.000) PRAGMA foreign_key_check; args=None
(0.000) PRAGMA foreign_keys = ON; args=None
(0.000) 
            SELECT name, type FROM sqlite_master
            WHERE type in ('table', 'view') AND NOT name='sqlite_sequence'
            ORDER BY name; args=None
(0.000) SELECT "django_migrations"."app", "django_migrations"."name" FROM "django_migrations"; args=()
(0.000) SELECT "django_content_type"."id", "django_content_type"."app_label", "django_content_type"."model" FROM "django_content_type" WHERE "django_content_type"."app_label" = 'admin'; args=('admin',)
(0.000) SELECT "django_content_type"."id", "django_content_type"."app_label", "django_content_type"."model" FROM "django_content_type" WHERE ("django_content_type"."app_label" = 'admin' AND "django_content_type"."model" = 'logentry'); args=('admin', 'logentry')
(0.000) SELECT "auth_permission"."content_type_id", "auth_permission"."codename" FROM "auth_permission" INNER JOIN "django_content_type" ON ("auth_permission"."content_type_id" = "django_content_type"."id") WHERE "auth_permission"."content_type_id" IN (1) ORDER BY "django_content_type"."app_label" ASC, "django_content_type"."model" ASC, "auth_permission"."codename" ASC; args=(1,)
(0.000) SELECT "django_content_type"."id", "django_content_type"."app_label", "django_content_type"."model" FROM "django_content_type" WHERE "django_content_type"."app_label" = 'admin'; args=('admin',)
(0.000) SELECT "django_content_type"."id", "django_content_type"."app_label", "django_content_type"."model" FROM "django_content_type" WHERE "django_content_type"."app_label" = 'auth'; args=('auth',)
(0.000) SELECT "django_content_type"."id", "django_content_type"."app_label", "django_content_type"."model" FROM "django_content_type" WHERE ("django_content_type"."app_label" = 'auth' AND "django_content_type"."model" = 'permission'); args=('auth', 'permission')
(0.000) SELECT "django_content_type"."id", "django_content_type"."app_label", "django_content_type"."model" FROM "django_content_type" WHERE ("django_content_type"."app_label" = 'auth' AND "django_content_type"."model" = 'group'); args=('auth', 'group')
(0.000) SELECT "django_content_type"."id", "django_content_type"."app_label", "django_content_type"."model" FROM "django_content_type" WHERE ("django_content_type"."app_label" = 'auth' AND "django_content_type"."model" = 'user'); args=('auth', 'user')
(0.000) SELECT "auth_permission"."content_type_id", "auth_permission"."codename" FROM "auth_permission" INNER JOIN "django_content_type" ON ("auth_permission"."content_type_id" = "django_content_type"."id") WHERE "auth_permission"."content_type_id" IN (2, 3, 4) ORDER BY "django_content_type"."app_label" ASC, "django_content_type"."model" ASC, "auth_permission"."codename" ASC; args=(2, 3, 4)
(0.000) SELECT "django_content_type"."id", "django_content_type"."app_label", "django_content_type"."model" FROM "django_content_type" WHERE "django_content_type"."app_label" = 'auth'; args=('auth',)
(0.000) SELECT "django_content_type"."id", "django_content_type"."app_label", "django_content_type"."model" FROM "django_content_type" WHERE "django_content_type"."app_label" = 'contenttypes'; args=('contenttypes',)
(0.000) SELECT "django_content_type"."id", "django_content_type"."app_label", "django_content_type"."model" FROM "django_content_type" WHERE ("django_content_type"."app_label" = 'contenttypes' AND "django_content_type"."model" = 'contenttype'); args=('contenttypes', 'contenttype')
(0.000) SELECT "auth_permission"."content_type_id", "auth_permission"."codename" FROM "auth_permission" INNER JOIN "django_content_type" ON ("auth_permission"."content_type_id" = "django_content_type"."id") WHERE "auth_permission"."content_type_id" IN (5) ORDER BY "django_content_type"."app_label" ASC, "django_content_type"."model" ASC, "auth_permission"."codename" ASC; args=(5,)
(0.000) SELECT "django_content_type"."id", "django_content_type"."app_label", "django_content_type"."model" FROM "django_content_type" WHERE "django_content_type"."app_label" = 'contenttypes'; args=('contenttypes',)
(0.000) SELECT "django_content_type"."id", "django_content_type"."app_label", "django_content_type"."model" FROM "django_content_type" WHERE "django_content_type"."app_label" = 'sessions'; args=('sessions',)
(0.000) SELECT "django_content_type"."id", "django_content_type"."app_label", "django_content_type"."model" FROM "django_content_type" WHERE ("django_content_type"."app_label" = 'sessions' AND "django_content_type"."model" = 'session'); args=('sessions', 'session')
(0.000) SELECT "auth_permission"."content_type_id", "auth_permission"."codename" FROM "auth_permission" INNER JOIN "django_content_type" ON ("auth_permission"."content_type_id" = "django_content_type"."id") WHERE "auth_permission"."content_type_id" IN (6) ORDER BY "django_content_type"."app_label" ASC, "django_content_type"."model" ASC, "auth_permission"."codename" ASC; args=(6,)
(0.000) SELECT "django_content_type"."id", "django_content_type"."app_label", "django_content_type"."model" FROM "django_content_type" WHERE "django_content_type"."app_label" = 'sessions'; args=('sessions',)
(0.000) SELECT "django_content_type"."id", "django_content_type"."app_label", "django_content_type"."model" FROM "django_content_type" WHERE "django_content_type"."app_label" = 'upload'; args=('upload',)
(0.000) SELECT "django_content_type"."id", "django_content_type"."app_label", "django_content_type"."model" FROM "django_content_type" WHERE ("django_content_type"."app_label" = 'upload' AND "django_content_type"."model" = 'uploadfilemodel'); args=('upload', 'uploadfilemodel')
(0.000) SELECT "auth_permission"."content_type_id", "auth_permission"."codename" FROM "auth_permission" INNER JOIN "django_content_type" ON ("auth_permission"."content_type_id" = "django_content_type"."id") WHERE "auth_permission"."content_type_id" IN (9) ORDER BY "django_content_type"."app_label" ASC, "django_content_type"."model" ASC, "auth_permission"."codename" ASC; args=(9,)
(0.000) SELECT "django_content_type"."id", "django_content_type"."app_label", "django_content_type"."model" FROM "django_content_type" WHERE "django_content_type"."app_label" = 'upload'; args=('upload',)
Watching for file changes with StatReloader
Waiting for apps ready_event.
Apps ready_event triggered. Sending autoreload_started signal.
Watching dir C:\Users\user\Desktop\범수자료\MillenniumFilecon\locale with glob **/*.mo.
Watching dir C:\Users\user\AppData\Local\Programs\Python\Python37-32\lib\site-packages\django\contrib\admin\locale with glob **/*.mo.
Watching dir C:\Users\user\AppData\Local\Programs\Python\Python37-32\lib\site-packages\django\contrib\auth\locale with glob **/*.mo.
Watching dir C:\Users\user\AppData\Local\Programs\Python\Python37-32\lib\site-packages\django\contrib\contenttypes\locale with glob **/*.mo.
Watching dir C:\Users\user\AppData\Local\Programs\Python\Python37-32\lib\site-packages\django\contrib\sessions\locale with glob **/*.mo.
Watching dir C:\Users\user\AppData\Local\Programs\Python\Python37-32\lib\site-packages\django\contrib\messages\locale with glob **/*.mo.
Watching dir C:\Users\user\AppData\Local\Programs\Python\Python37-32\lib\site-packages\django\contrib\staticfiles\locale with glob **/*.mo.
Watching dir C:\Users\user\AppData\Local\Programs\Python\Python37-32\lib\site-packages\rest_framework\locale with glob **/*.mo.
Watching dir C:\Users\user\Desktop\범수자료\MillenniumFilecon\upload\locale with glob **/*.mo.
(0.000) 
            SELECT name, type FROM sqlite_master
            WHERE type in ('table', 'view') AND NOT name='sqlite_sequence'
            ORDER BY name; args=None
(0.000) SELECT "django_migrations"."app", "django_migrations"."name" FROM "django_migrations"; args=()
"GET /upload/ HTTP/1.1" 200 367
